Log file open, 08/27/18 19:25:15
LogWindows: Failed to load 'aqProf.dll' (GetLastError=126)
LogWindows: File 'aqProf.dll' does not exist
LogWindows: Failed to load 'VtuneApi.dll' (GetLastError=126)
LogWindows: File 'VtuneApi.dll' does not exist
LogWindows: Failed to load 'VtuneApi32e.dll' (GetLastError=126)
LogWindows: File 'VtuneApi32e.dll' does not exist
LogInit: Display: Running engine for game: Fears
LogPlatformFile: Not using cached read wrapper
LogInit: Display: RandInit(-1447702811) SRandInit(-1447702811).
LogInit: Read version file with build ID '3944462'
LogInit: Overriding engine version to CL 4033788, compatible CL 3944462
LogInit: Registered custom module enumerator with build ID '3944462'
LogTaskGraph: Started task graph with 5 named threads and 35 total threads with 3 sets of task threads.
LogStats: Stats thread started at 0.409236
LogD3D11RHI: Aftermath initialized
LogICUInternationalization: Display: ICU TimeZone Detection - Raw Offset: -5:00, Platform Override: ''
LogModuleManager: Display: Found up-to-date module file ../../../Engine/Plugins/2D/Paper2D/Binaries/Win64/UE4Editor-Paper2D.dll (API version 3944462).
LogModuleManager: Display: Found up-to-date module file ../../../Engine/Plugins/2D/Paper2D/Binaries/Win64/UE4Editor-Paper2DEditor.dll (API version 3944462).
LogModuleManager: Display: Found up-to-date module file ../../../Engine/Plugins/2D/Paper2D/Binaries/Win64/UE4Editor-PaperSpriteSheetImporter.dll (API version 3944462).
LogModuleManager: Display: Found up-to-date module file ../../../Engine/Plugins/2D/Paper2D/Binaries/Win64/UE4Editor-PaperTiledImporter.dll (API version 3944462).
LogModuleManager: Display: Found up-to-date module file ../../../Engine/Plugins/2D/Paper2D/Binaries/Win64/UE4Editor-SmartSnapping.dll (API version 3944462).
LogModuleManager: Display: Found up-to-date module file ../../../Engine/Plugins/Blendables/LightPropagationVolume/Binaries/Win64/UE4Editor-LightPropagationVolumeRuntime.dll (API version 3944462).
LogModuleManager: Display: Found up-to-date module file ../../../Engine/Plugins/Blendables/LightPropagationVolume/Binaries/Win64/UE4Editor-LightPropagationVolumeEditor.dll (API version 3944462).
LogModuleManager: Display: Found up-to-date module file ../../../Engine/Plugins/Developer/CLionSourceCodeAccess/Binaries/Win64/UE4Editor-CLionSourceCodeAccess.dll (API version 3944462).
LogModuleManager: Display: Found up-to-date module file ../../../Engine/Plugins/Developer/GitSourceControl/Binaries/Win64/UE4Editor-GitSourceControl.dll (API version 3944462).
LogModuleManager: Display: Found up-to-date module file ../../../Engine/Plugins/Developer/PerforceSourceControl/Binaries/Win64/UE4Editor-PerforceSourceControl.dll (API version 3944462).
LogModuleManager: Display: Found up-to-date module file ../../../Engine/Plugins/Developer/SubversionSourceControl/Binaries/Win64/UE4Editor-SubversionSourceControl.dll (API version 3944462).
LogModuleManager: Display: Found up-to-date module file ../../../Engine/Plugins/Developer/UObjectPlugin/Binaries/Win64/UE4Editor-UObjectPlugin.dll (API version 3944462).
LogModuleManager: Display: Found up-to-date module file ../../../Engine/Plugins/Developer/VisualStudioCodeSourceCodeAccess/Binaries/Win64/UE4Editor-VisualStudioCodeSourceCodeAccess.dll (API version 3944462).
LogModuleManager: Display: Found up-to-date module file ../../../Engine/Plugins/Developer/VisualStudioSourceCodeAccess/Binaries/Win64/UE4Editor-VisualStudioSourceCodeAccess.dll (API version 3944462).
LogModuleManager: Display: Found up-to-date module file ../../../Engine/Plugins/Editor/AssetManagerEditor/Binaries/Win64/UE4Editor-AssetManagerEditor.dll (API version 3944462).
LogModuleManager: Display: Found up-to-date module file ../../../Engine/Plugins/Editor/CryptoKeys/Binaries/Win64/UE4Editor-CryptoKeys.dll (API version 3944462).
LogModuleManager: Display: Found up-to-date module file ../../../Engine/Plugins/Editor/CryptoKeys/Binaries/Win64/UE4Editor-CryptoKeysOpenSSL.dll (API version 3944462).
LogModuleManager: Display: Found up-to-date module file ../../../Engine/Plugins/Editor/DataValidation/Binaries/Win64/UE4Editor-DataValidation.dll (API version 3944462).
LogModuleManager: Display: Found up-to-date module file ../../../Engine/Plugins/Editor/FacialAnimation/Binaries/Win64/UE4Editor-FacialAnimation.dll (API version 3944462).
LogModuleManager: Display: Found up-to-date module file ../../../Engine/Plugins/Editor/FacialAnimation/Binaries/Win64/UE4Editor-FacialAnimationEditor.dll (API version 3944462).
LogModuleManager: Display: Found up-to-date module file ../../../Engine/Plugins/Editor/GameplayTagsEditor/Binaries/Win64/UE4Editor-GameplayTagsEditor.dll (API version 3944462).
LogModuleManager: Display: Found up-to-date module file ../../../Engine/Plugins/Editor/MobileLauncherProfileWizard/Binaries/Win64/UE4Editor-MobileLauncherProfileWizard.dll (API version 3944462).
LogModuleManager: Display: Found up-to-date module file ../../../Engine/Plugins/Editor/PluginBrowser/Binaries/Win64/UE4Editor-PluginBrowser.dll (API version 3944462).
LogModuleManager: Display: Found up-to-date module file ../../../Engine/Plugins/Editor/SpeedTreeImporter/Binaries/Win64/UE4Editor-SpeedTreeImporter.dll (API version 3944462).
LogModuleManager: Display: Found up-to-date module file ../../../Engine/Plugins/Enterprise/DatasmithContent/Binaries/Win64/UE4Editor-DatasmithContent.dll (API version 3944462).
LogModuleManager: Display: Found up-to-date module file ../../../Engine/Plugins/Experimental/AlembicImporter/Binaries/Win64/UE4Editor-AlembicImporter.dll (API version 3944462).
LogModuleManager: Display: Found up-to-date module file ../../../Engine/Plugins/Experimental/AlembicImporter/Binaries/Win64/UE4Editor-AlembicLibrary.dll (API version 3944462).
LogModuleManager: Display: Found up-to-date module file ../../../Engine/Plugins/Experimental/CharacterAI/Binaries/Win64/UE4Editor-CharacterAI.dll (API version 3944462).
LogModuleManager: Display: Found up-to-date module file ../../../Engine/Plugins/Experimental/HTML5Networking/Binaries/Win64/UE4Editor-HTML5Networking.dll (API version 3944462).
LogModuleManager: Display: Found up-to-date module file ../../../Engine/Plugins/Media/AndroidMedia/Binaries/Win64/UE4Editor-AndroidMediaEditor.dll (API version 3944462).
LogModuleManager: Display: Found up-to-date module file ../../../Engine/Plugins/Media/AndroidMedia/Binaries/Win64/UE4Editor-AndroidMediaFactory.dll (API version 3944462).
LogModuleManager: Display: Found up-to-date module file ../../../Engine/Plugins/Media/AvfMedia/Binaries/Win64/UE4Editor-AvfMediaEditor.dll (API version 3944462).
LogModuleManager: Display: Found up-to-date module file ../../../Engine/Plugins/Media/AvfMedia/Binaries/Win64/UE4Editor-AvfMediaFactory.dll (API version 3944462).
LogModuleManager: Display: Found up-to-date module file ../../../Engine/Plugins/Media/AvfMedia/Binaries/Win64/UE4Editor-AvfMediaFactory.dll (API version 3944462).
LogModuleManager: Display: Found up-to-date module file ../../../Engine/Plugins/Media/ImgMedia/Binaries/Win64/UE4Editor-ImgMedia.dll (API version 3944462).
LogModuleManager: Display: Found up-to-date module file ../../../Engine/Plugins/Media/ImgMedia/Binaries/Win64/UE4Editor-ImgMediaEditor.dll (API version 3944462).
LogModuleManager: Display: Found up-to-date module file ../../../Engine/Plugins/Media/ImgMedia/Binaries/Win64/UE4Editor-ImgMediaFactory.dll (API version 3944462).
LogModuleManager: Display: Found up-to-date module file ../../../Engine/Plugins/Media/ImgMedia/Binaries/Win64/UE4Editor-ImgMediaFactory.dll (API version 3944462).
LogModuleManager: Display: Found up-to-date module file ../../../Engine/Plugins/Media/ImgMedia/Binaries/Win64/UE4Editor-OpenExrWrapper.dll (API version 3944462).
LogModuleManager: Display: Found up-to-date module file ../../../Engine/Plugins/Media/LinearTimecode/Binaries/Win64/UE4Editor-LinearTimecode.dll (API version 3944462).
LogModuleManager: Display: Found up-to-date module file ../../../Engine/Plugins/Media/MediaCompositing/Binaries/Win64/UE4Editor-MediaCompositing.dll (API version 3944462).
LogModuleManager: Display: Found up-to-date module file ../../../Engine/Plugins/Media/MediaCompositing/Binaries/Win64/UE4Editor-MediaCompositingEditor.dll (API version 3944462).
LogModuleManager: Display: Found up-to-date module file ../../../Engine/Plugins/Media/MediaPlayerEditor/Binaries/Win64/UE4Editor-MediaPlayerEditor.dll (API version 3944462).
LogModuleManager: Display: Found up-to-date module file ../../../Engine/Plugins/Media/WmfMedia/Binaries/Win64/UE4Editor-WmfMedia.dll (API version 3944462).
LogModuleManager: Display: Found up-to-date module file ../../../Engine/Plugins/Media/WmfMedia/Binaries/Win64/UE4Editor-WmfMediaEditor.dll (API version 3944462).
LogModuleManager: Display: Found up-to-date module file ../../../Engine/Plugins/Media/WmfMedia/Binaries/Win64/UE4Editor-WmfMediaFactory.dll (API version 3944462).
LogModuleManager: Display: Found up-to-date module file ../../../Engine/Plugins/Media/WmfMedia/Binaries/Win64/UE4Editor-WmfMediaFactory.dll (API version 3944462).
LogModuleManager: Display: Found up-to-date module file ../../../Engine/Plugins/Messaging/TcpMessaging/Binaries/Win64/UE4Editor-TcpMessaging.dll (API version 3944462).
LogModuleManager: Display: Found up-to-date module file ../../../Engine/Plugins/Messaging/UdpMessaging/Binaries/Win64/UE4Editor-UdpMessaging.dll (API version 3944462).
LogModuleManager: Display: Found up-to-date module file ../../../Engine/Plugins/MovieScene/ActorSequence/Binaries/Win64/UE4Editor-ActorSequence.dll (API version 3944462).
LogModuleManager: Display: Found up-to-date module file ../../../Engine/Plugins/MovieScene/LevelSequenceEditor/Binaries/Win64/UE4Editor-LevelSequenceEditor.dll (API version 3944462).
LogModuleManager: Display: Found up-to-date module file ../../../Engine/Plugins/MovieScene/MatineeToLevelSequence/Binaries/Win64/UE4Editor-MatineeToLevelSequence.dll (API version 3944462).
LogModuleManager: Display: Found up-to-date module file ../../../Engine/Plugins/NetcodeUnitTest/NetcodeUnitTest/Binaries/Win64/UE4Editor-NetcodeUnitTest.dll (API version 3944462).
LogModuleManager: Display: Found up-to-date module file ../../../Engine/Plugins/NetcodeUnitTest/NUTUnrealEngine4/Binaries/Win64/UE4Editor-NUTUnrealEngine4.dll (API version 3944462).
LogModuleManager: Display: Found up-to-date module file ../../../Engine/Plugins/Online/OnlineSubsystem/Binaries/Win64/UE4Editor-OnlineSubsystem.dll (API version 3944462).
LogModuleManager: Display: Found up-to-date module file ../../../Engine/Plugins/Runtime/AndroidPermission/Binaries/Win64/UE4Editor-AndroidPermission.dll (API version 3944462).
LogModuleManager: Display: Found up-to-date module file ../../../Engine/Plugins/Online/OnlineSubsystemNull/Binaries/Win64/UE4Editor-OnlineSubsystemNull.dll (API version 3944462).
LogModuleManager: Display: Found up-to-date module file ../../../Engine/Plugins/Online/OnlineSubsystemUtils/Binaries/Win64/UE4Editor-OnlineSubsystemUtils.dll (API version 3944462).
LogModuleManager: Display: Found up-to-date module file ../../../Engine/Plugins/Online/OnlineSubsystemUtils/Binaries/Win64/UE4Editor-OnlineBlueprintSupport.dll (API version 3944462).
LogModuleManager: Display: Found up-to-date module file ../../../Engine/Plugins/Runtime/AndroidDeviceProfileSelector/Binaries/Win64/UE4Editor-AndroidDeviceProfileSelector.dll (API version 3944462).
LogModuleManager: Display: Found up-to-date module file ../../../Engine/Plugins/Runtime/AppleARKit/Binaries/Win64/UE4Editor-AppleARKit.dll (API version 3944462).
LogModuleManager: Display: Found up-to-date module file ../../../Engine/Plugins/Runtime/ProceduralMeshComponent/Binaries/Win64/UE4Editor-ProceduralMeshComponent.dll (API version 3944462).
LogModuleManager: Display: Found up-to-date module file ../../../Engine/Plugins/Runtime/ProceduralMeshComponent/Binaries/Win64/UE4Editor-ProceduralMeshComponentEditor.dll (API version 3944462).
LogModuleManager: Display: Found up-to-date module file ../../../Engine/Plugins/Animation/LiveLink/Binaries/Win64/UE4Editor-LiveLink.dll (API version 3944462).
LogModuleManager: Display: Found up-to-date module file ../../../Engine/Plugins/Animation/LiveLink/Binaries/Win64/UE4Editor-LiveLinkEditor.dll (API version 3944462).
LogModuleManager: Display: Found up-to-date module file ../../../Engine/Plugins/Runtime/ArchVisCharacter/Binaries/Win64/UE4Editor-ArchVisCharacter.dll (API version 3944462).
LogModuleManager: Display: Found up-to-date module file ../../../Engine/Plugins/Runtime/AudioCapture/Binaries/Win64/UE4Editor-AudioCapture.dll (API version 3944462).
LogModuleManager: Display: Found up-to-date module file ../../../Engine/Plugins/Runtime/AudioCapture/Binaries/Win64/UE4Editor-AudioCaptureEditor.dll (API version 3944462).
LogModuleManager: Display: Found up-to-date module file ../../../Engine/Plugins/Runtime/CableComponent/Binaries/Win64/UE4Editor-CableComponent.dll (API version 3944462).
LogModuleManager: Display: Found up-to-date module file ../../../Engine/Plugins/Runtime/CustomMeshComponent/Binaries/Win64/UE4Editor-CustomMeshComponent.dll (API version 3944462).
LogModuleManager: Display: Found up-to-date module file ../../../Engine/Plugins/Runtime/ExampleDeviceProfileSelector/Binaries/Win64/UE4Editor-ExampleDeviceProfileSelector.dll (API version 3944462).
LogModuleManager: Display: Found up-to-date module file ../../../Engine/Plugins/Runtime/ImmediatePhysics/Binaries/Win64/UE4Editor-ImmediatePhysics.dll (API version 3944462).
LogModuleManager: Display: Found up-to-date module file ../../../Engine/Plugins/Runtime/ImmediatePhysics/Binaries/Win64/UE4Editor-ImmediatePhysicsEditor.dll (API version 3944462).
LogModuleManager: Display: Found up-to-date module file ../../../Engine/Plugins/Runtime/LocationServicesBPLibrary/Binaries/Win64/UE4Editor-LocationServicesBPLibrary.dll (API version 3944462).
LogModuleManager: Display: Found up-to-date module file ../../../Engine/Plugins/Runtime/MobilePatchingUtils/Binaries/Win64/UE4Editor-MobilePatchingUtils.dll (API version 3944462).
LogModuleManager: Display: Found up-to-date module file ../../../Engine/Plugins/Runtime/Oculus/OculusVR/Binaries/Win64/UE4Editor-OculusHMD.dll (API version 3944462).
LogModuleManager: Display: Found up-to-date module file ../../../Engine/Plugins/Runtime/Oculus/OculusVR/Binaries/Win64/UE4Editor-OculusInput.dll (API version 3944462).
LogModuleManager: Display: Found up-to-date module file ../../../Engine/Plugins/Runtime/Oculus/OculusVR/Binaries/Win64/UE4Editor-OculusEditor.dll (API version 3944462).
LogModuleManager: Display: Found up-to-date module file ../../../Engine/Plugins/Runtime/PhysXVehicles/Binaries/Win64/UE4Editor-PhysXVehicles.dll (API version 3944462).
LogModuleManager: Display: Found up-to-date module file ../../../Engine/Plugins/Runtime/PhysXVehicles/Binaries/Win64/UE4Editor-PhysXVehiclesEditor.dll (API version 3944462).
LogModuleManager: Display: Found up-to-date module file ../../../Engine/Plugins/Runtime/RuntimePhysXCooking/Binaries/Win64/UE4Editor-RuntimePhysXCooking.dll (API version 3944462).
LogModuleManager: Display: Found up-to-date module file ../../../Engine/Plugins/Runtime/Steam/SteamVR/Binaries/Win64/UE4Editor-SteamVR.dll (API version 3944462).
LogModuleManager: Display: Found up-to-date module file ../../../Engine/Plugins/Runtime/Steam/SteamVR/Binaries/Win64/UE4Editor-SteamVRController.dll (API version 3944462).
LogModuleManager: Display: Found up-to-date module file ../../../Engine/Plugins/Runtime/WindowsMoviePlayer/Binaries/Win64/UE4Editor-WindowsMoviePlayer.dll (API version 3944462).
LogPluginManager: Mounting plugin Paper2D
LogPluginManager: Mounting plugin LiveLink
LogPluginManager: Mounting plugin LightPropagationVolume
LogPluginManager: Mounting plugin CLionSourceCodeAccess
LogPluginManager: Mounting plugin CodeLiteSourceCodeAccess
LogPluginManager: Mounting plugin GitSourceControl
LogPluginManager: Mounting plugin KDevelopSourceCodeAccess
LogPluginManager: Mounting plugin NullSourceCodeAccess
LogPluginManager: Mounting plugin PerforceSourceControl
LogPluginManager: Mounting plugin SubversionSourceControl
LogPluginManager: Mounting plugin UObjectPlugin
LogPluginManager: Mounting plugin VisualStudioCodeSourceCodeAccess
LogPluginManager: Mounting plugin VisualStudioSourceCodeAccess
LogPluginManager: Mounting plugin XCodeSourceCodeAccess
LogPluginManager: Mounting plugin AssetManagerEditor
LogPluginManager: Mounting plugin CryptoKeys
LogPluginManager: Mounting plugin DataValidation
LogPluginManager: Mounting plugin FacialAnimation
LogPluginManager: Mounting plugin GameplayTagsEditor
LogPluginManager: Mounting plugin MobileLauncherProfileWizard
LogPluginManager: Mounting plugin PluginBrowser
LogPluginManager: Mounting plugin SpeedTreeImporter
LogPluginManager: Mounting plugin DatasmithContent
LogPluginManager: Mounting plugin AlembicImporter
LogPluginManager: Mounting plugin CharacterAI
LogPluginManager: Mounting plugin HTML5Networking
LogPluginManager: Mounting plugin AndroidMedia
LogPluginManager: Mounting plugin AvfMedia
LogPluginManager: Mounting plugin ImgMedia
LogPluginManager: Mounting plugin LinearTimecode
LogPluginManager: Mounting plugin MediaCompositing
LogPluginManager: Mounting plugin MediaPlayerEditor
LogPluginManager: Mounting plugin WmfMedia
LogPluginManager: Mounting plugin TcpMessaging
LogPluginManager: Mounting plugin UdpMessaging
LogPluginManager: Mounting plugin ActorSequence
LogPluginManager: Mounting plugin LevelSequenceEditor
LogPluginManager: Mounting plugin MatineeToLevelSequence
LogPluginManager: Mounting plugin NetcodeUnitTest
LogPluginManager: Mounting plugin NUTUnrealEngine4
LogPluginManager: Mounting plugin OnlineSubsystemGooglePlay
LogPluginManager: Mounting plugin OnlineSubsystemIOS
LogPluginManager: Mounting plugin OnlineSubsystem
LogPluginManager: Mounting plugin OnlineSubsystemNull
LogPluginManager: Mounting plugin OnlineSubsystemUtils
LogPluginManager: Mounting plugin AndroidDeviceProfileSelector
LogPluginManager: Mounting plugin AndroidMoviePlayer
LogPluginManager: Mounting plugin AndroidPermission
LogPluginManager: Mounting plugin AppleARKit
LogPluginManager: Mounting plugin AppleMoviePlayer
LogPluginManager: Mounting plugin ArchVisCharacter
LogPluginManager: Mounting plugin AudioCapture
LogPluginManager: Mounting plugin CableComponent
LogPluginManager: Mounting plugin CustomMeshComponent
LogPluginManager: Mounting plugin ExampleDeviceProfileSelector
LogPluginManager: Mounting plugin GoogleCloudMessaging
LogPluginManager: Mounting plugin ImmediatePhysics
LogPluginManager: Mounting plugin IOSDeviceProfileSelector
LogPluginManager: Mounting plugin LinuxDeviceProfileSelector
LogPluginManager: Mounting plugin LocationServicesBPLibrary
LogPluginManager: Mounting plugin MobilePatchingUtils
LogPluginManager: Mounting plugin OculusVR
LogPluginManager: Plugin shader directory ../../../Engine/Plugins/Runtime/Oculus/OculusVR/Shaders found
LogPluginManager: Mapping shader source directory ../../../Engine/Plugins/Runtime/Oculus/OculusVR/Shaders to virtual directory /Plugin/OculusVR
LogPluginManager: Mounting plugin PhysXVehicles
LogPluginManager: Mounting plugin ProceduralMeshComponent
LogPluginManager: Mounting plugin RuntimePhysXCooking
LogPluginManager: Mounting plugin SteamVR
LogPluginManager: Mounting plugin WindowsMoviePlayer
LogStreaming: Display: Took  0.914s to configure plugins.
LogInit: Using libcurl 7.47.1
LogInit:  - built for x86_64-pc-win32
LogInit:  - supports SSL with OpenSSL/1.0.2g
LogInit:  - supports HTTP deflate (compression) using libz 1.2.8
LogInit:  - other features:
LogInit:      CURL_VERSION_SSL
LogInit:      CURL_VERSION_LIBZ
LogInit:      CURL_VERSION_IPV6
LogInit:      CURL_VERSION_ASYNCHDNS
LogInit:      CURL_VERSION_LARGEFILE
LogInit:      CURL_VERSION_IDN
LogInit:  CurlRequestOptions (configurable via config and command line):
LogInit:  - bVerifyPeer = false  - Libcurl will NOT verify peer certificate
LogInit:  - bUseHttpProxy = false  - Libcurl will NOT use HTTP proxy
LogInit:  - bDontReuseConnections = false  - Libcurl will reuse connections
LogInit:  - CertBundlePath = nullptr  - Libcurl will use whatever was configured at build time.
LogInit:  - MaxHostConnections = 16  - Libcurl will limit the number of connections to a host
LogInit:  - LocalHostAddr = Default
LogInit: WinSock: version 1.1 (2.2), MaxSocks=32767, MaxUdp=65467
LogInit: WinSock: I am Diep-Alien (10.6.110.18:0)
LogInit: Build: ++UE4+Release-4.19-CL-4033788
LogInit: Engine Version: 4.19.2-4033788+++UE4+Release-4.19
LogInit: Compatible Engine Version: 4.19.0-3944462+++UE4+Release-4.19
LogInit: Net CL: 3944462
LogDevObjectVersion: Number of dev versions registered: 18
LogDevObjectVersion:   Dev-Blueprints (B0D832E4-1F89-4F0D-ACCF-7EB736FD4AA2): 10
LogDevObjectVersion:   Dev-Build (E1C64328-A22C-4D53-A36C-8E866417BD8C): 0
LogDevObjectVersion:   Dev-Core (375EC13C-06E4-48FB-B500-84F0262A717E): 2
LogDevObjectVersion:   Dev-Editor (E4B068ED-F494-42E9-A231-DA0B2E46BB41): 23
LogDevObjectVersion:   Dev-Framework (CFFC743F-43B0-4480-9391-14DF171D2073): 33
LogDevObjectVersion:   Dev-Mobile (B02B49B5-BB20-44E9-A304-32B752E40360): 2
LogDevObjectVersion:   Dev-Networking (A4E4105C-59A1-49B5-A7C5-40C4547EDFEE): 0
LogDevObjectVersion:   Dev-Online (39C831C9-5AE6-47DC-9A44-9C173E1C8E7C): 0
LogDevObjectVersion:   Dev-Physics (78F01B33-EBEA-4F98-B9B4-84EACCB95AA2): 0
LogDevObjectVersion:   Dev-Platform (6631380F-2D4D-43E0-8009-CF276956A95A): 0
LogDevObjectVersion:   Dev-Rendering (12F88B9F-8875-4AFC-A67C-D90C383ABD29): 25
LogDevObjectVersion:   Dev-Sequencer (7B5AE74C-D270-4C10-A958-57980B212A5A): 6
LogDevObjectVersion:   Dev-VR (D7296918-1DD6-4BDD-9DE2-64A83CC13884): 1
LogDevObjectVersion:   Dev-LoadTimes (C2A15278-BFE7-4AFE-6C17-90FF531DF755): 1
LogDevObjectVersion:   Private-Geometry (6EACA3D4-40EC-4CC1-B786-8BED09428FC5): 2
LogDevObjectVersion:   Dev-AnimPhys (29E575DD-E0A3-4627-9D10-D276232CDCEA): 16
LogDevObjectVersion:   Dev-ReflectionCapture (6B266CEC-1EC7-4B8F-A30B-E4D90942FC07): 1
LogDevObjectVersion:   Dev-Automation (0DF73D61-A23F-47EA-B727-89E90C41499A): 1
LogInit: Compiled (64-bit): Apr 27 2018 02:06:57
LogInit: Compiled with Visual C++: 19.00.24215.01
LogInit: Build Configuration: Development
LogInit: Branch Name: ++UE4+Release-4.19
LogInit: Command Line:  
LogInit: Base Directory: D:/UE_4.19/Engine/Binaries/Win64/
LogInit: Installed Engine Build: 1
LogStreaming: Display: Took  0.001s to delete old logs.
LogInit: Presizing for max 8388607 objects, including 0 objects not considered by GC, pre-allocating 0 bytes for permanent pool.
LogInit: Object subsystem initialized
[2018.08.27-23.25.16:915][  0]LogInit: Selected Device Profile: [Windows]
[2018.08.27-23.25.16:915][  0]LogInit: Applying CVar settings loaded from the selected device profile: [Windows]
[2018.08.27-23.25.16:948][  0]LogInit: Computer: DIEP-ALIEN
[2018.08.27-23.25.16:948][  0]LogInit: User: Diep
[2018.08.27-23.25.16:948][  0]LogInit: CPU Page size=4096, Cores=6
[2018.08.27-23.25.16:948][  0]LogInit: High frequency timer resolution =2.156250 MHz
[2018.08.27-23.25.16:949][  0]LogMemory: Memory total: Physical=15.9GB (16GB approx)
[2018.08.27-23.25.16:949][  0]LogMemory: Platform Memory Stats for Windows
[2018.08.27-23.25.16:949][  0]LogMemory: Process Physical Memory: 274.09 MB used, 274.09 MB peak
[2018.08.27-23.25.16:949][  0]LogMemory: Process Virtual Memory: 271.52 MB used, 271.52 MB peak
[2018.08.27-23.25.16:949][  0]LogMemory: Physical Memory: 7545.36 MB used,  8697.52 MB free, 16242.87 MB total
[2018.08.27-23.25.16:949][  0]LogMemory: Virtual Memory: 4811.13 MB used,  8697.52 MB free, 134217728.00 MB total
[2018.08.27-23.25.17:000][  0]LogInit: Using OS detected language (en-US).
[2018.08.27-23.25.17:000][  0]LogInit: Using OS detected locale (en-CA).
[2018.08.27-23.25.17:004][  0]LogTextLocalizationManager: No specific localization for 'en-US' exists, so the 'en' localization will be used.
[2018.08.27-23.25.17:454][  0]LogStreaming: Display: Took  0.454s to EndInitTextLocalization.
[2018.08.27-23.25.17:454][  0]LogInit: Setting process to per monitor DPI aware
[2018.08.27-23.25.17:489][  0]LogSlate: New Slate User Created.  User Index 0, Is Virtual User: 0
[2018.08.27-23.25.17:489][  0]LogSlate: Slate User Registered.  User Index 0, Is Virtual User: 0
[2018.08.27-23.25.17:691][  0]LogD3D11RHI: D3D11 adapters:
[2018.08.27-23.25.17:708][  0]LogD3D11RHI:    0. 'Intel(R) UHD Graphics 630' (Feature Level 11_0)
[2018.08.27-23.25.17:708][  0]LogD3D11RHI:       128/0/8121 MB DedicatedVideo/DedicatedSystem/SharedSystem, Outputs:1, VendorId:0x8086
[2018.08.27-23.25.17:769][  0]LogD3D11RHI:    1. 'NVIDIA GeForce GTX 1060' (Feature Level 11_0)
[2018.08.27-23.25.17:769][  0]LogD3D11RHI:       6052/0/8121 MB DedicatedVideo/DedicatedSystem/SharedSystem, Outputs:0, VendorId:0x10de
[2018.08.27-23.25.17:772][  0]LogD3D11RHI:    2. 'Microsoft Basic Render Driver' (Feature Level 11_0)
[2018.08.27-23.25.17:772][  0]LogD3D11RHI:       0/0/8121 MB DedicatedVideo/DedicatedSystem/SharedSystem, Outputs:0, VendorId:0x1414
[2018.08.27-23.25.17:772][  0]LogD3D11RHI: Chosen D3D11 Adapter: 1
[2018.08.27-23.25.17:781][  0]LogD3D11RHI: Creating new Direct3DDevice
[2018.08.27-23.25.17:781][  0]LogD3D11RHI:     GPU DeviceId: 0x1c60 (for the marketing name, search the web for "GPU Device Id")
[2018.08.27-23.25.17:781][  0]LogWindows: EnumDisplayDevices:
[2018.08.27-23.25.17:781][  0]LogWindows:    0. 'NVIDIA GeForce GTX 1060' (P:1 D:1)
[2018.08.27-23.25.17:781][  0]LogWindows:    1. 'NVIDIA GeForce GTX 1060' (P:0 D:0)
[2018.08.27-23.25.17:782][  0]LogWindows:    2. 'NVIDIA GeForce GTX 1060' (P:0 D:0)
[2018.08.27-23.25.17:782][  0]LogWindows:    3. 'NVIDIA GeForce GTX 1060' (P:0 D:0)
[2018.08.27-23.25.17:782][  0]LogWindows:    4. 'Intel(R) UHD Graphics 630' (P:0 D:0)
[2018.08.27-23.25.17:782][  0]LogWindows:    5. 'Intel(R) UHD Graphics 630' (P:0 D:0)
[2018.08.27-23.25.17:782][  0]LogWindows:    6. 'Intel(R) UHD Graphics 630' (P:0 D:0)
[2018.08.27-23.25.17:783][  0]LogWindows: DebugString: GetVideoDriverDetailsInvalid PrimaryIsNotTheChoosenAdapter GetVideoDriverDetailsInvalid PrimaryIsNotTheChoosenAdapter GetVideoDriverDetailsInvalid PrimaryIsNotTheChoosenAdapter GetVideoDriverDetailsInvalid PrimaryIsNotTheChoosenAdapter GetVideoDriverDetailsInvalid PrimaryIsNotTheChoosenAdapter GetVideoDriverDetailsInvalid PrimaryIsNotTheChoosenAdapter GetVideoDriverDetailsInvalid PrimaryIsNotTheChoosenAdapter FoundDriverCount:0 
[2018.08.27-23.25.17:783][  0]LogD3D11RHI:     Adapter Name: NVIDIA GeForce GTX 1060
[2018.08.27-23.25.17:783][  0]LogD3D11RHI:   Driver Version: Unknown (internal:Unknown, unified:Unknown)
[2018.08.27-23.25.17:783][  0]LogD3D11RHI:      Driver Date: Unknown
[2018.08.27-23.25.17:783][  0]LogRHI: Texture pool is 4236 MB (70% of 6052 MB)
[2018.08.27-23.25.17:822][  0]LogD3D11RHI: [Aftermath] Aftermath enabled and primed
[2018.08.27-23.25.17:822][  0]LogD3D11RHI: [Aftermath] Aftermath enabled and primed
[2018.08.27-23.25.17:822][  0]LogD3D11RHI: Async texture creation enabled
[2018.08.27-23.25.17:841][  0]LogD3D11RHI: GPU Timing Frequency: 1000.000000 (Debug: 2 2)
[2018.08.27-23.25.17:841][  0]LogShaderCompilers: Guid format shader working directory is 14 characters bigger than the processId version (../../../../GameDev/UE4/FearTrial/Intermediate/Shaders/WorkingDirectory/524/).
[2018.08.27-23.25.17:842][  0]LogShaderCompilers: Cleaned the shader compiler working directory 'C:/Users/Inuya/AppData/Local/Temp/UnrealShaderWorkingDir/14F12B7D4C39D86311427A82E1F9E923/'.
[2018.08.27-23.25.18:074][  0]LogTemp: Display: Loaded TP AllDesktopTargetPlatform
[2018.08.27-23.25.18:088][  0]LogTemp: Display: Loaded TP MacClientTargetPlatform
[2018.08.27-23.25.18:102][  0]LogTemp: Display: Loaded TP MacNoEditorTargetPlatform
[2018.08.27-23.25.18:115][  0]LogTemp: Display: Loaded TP MacServerTargetPlatform
[2018.08.27-23.25.18:129][  0]LogTemp: Display: Loaded TP MacTargetPlatform
[2018.08.27-23.25.18:143][  0]LogTemp: Display: Loaded TP WindowsClientTargetPlatform
[2018.08.27-23.25.18:156][  0]LogTemp: Display: Loaded TP WindowsNoEditorTargetPlatform
[2018.08.27-23.25.18:171][  0]LogTemp: Display: Loaded TP WindowsServerTargetPlatform
[2018.08.27-23.25.18:177][  0]LogTemp: Display: Loaded TP WindowsTargetPlatform
[2018.08.27-23.25.18:190][  0]LogTemp: Display: Loaded TP Android_ASTCTargetPlatform
[2018.08.27-23.25.18:202][  0]LogTemp: Display: Loaded TP Android_ATCTargetPlatform
[2018.08.27-23.25.18:214][  0]LogTemp: Display: Loaded TP Android_DXTTargetPlatform
[2018.08.27-23.25.18:226][  0]LogTemp: Display: Loaded TP Android_ETC1aTargetPlatform
[2018.08.27-23.25.18:238][  0]LogTemp: Display: Loaded TP Android_ETC1TargetPlatform
[2018.08.27-23.25.18:251][  0]LogTemp: Display: Loaded TP Android_ETC2TargetPlatform
[2018.08.27-23.25.18:280][  0]LogTemp: Display: Loaded TP Android_MultiTargetPlatform
[2018.08.27-23.25.18:280][  0]LogTemp: Display: Loaded TP Android_PVRTCTargetPlatform
[2018.08.27-23.25.18:295][  0]LogTemp: Display: Loaded TP AndroidTargetPlatform
[2018.08.27-23.25.18:296][  0]LogTemp: Display: Loaded TP HTML5TargetPlatform
[2018.08.27-23.25.18:333][  0]LogTemp: Display: Loaded TP IOSTargetPlatform
[2018.08.27-23.25.18:357][  0]LogTemp: Display: Loaded TP TVOSTargetPlatform
[2018.08.27-23.25.18:391][  0]LogTemp: Display: Loaded TP LinuxClientTargetPlatform
[2018.08.27-23.25.18:427][  0]LogTemp: Display: Loaded TP LinuxNoEditorTargetPlatform
[2018.08.27-23.25.18:449][  0]LogTemp: Display: Loaded TP LinuxServerTargetPlatform
[2018.08.27-23.25.18:464][  0]LogTemp: Display: Loaded TP LinuxTargetPlatform
[2018.08.27-23.25.18:464][  0]LogTargetPlatformManager: Display: Building Assets For Windows
[2018.08.27-23.25.18:580][  0]LogXGEController: Cleaning working directory: C:/Users/Inuya/AppData/Local/Temp/UnrealXGEWorkingDir/
[2018.08.27-23.25.18:580][  0]LogXGEController: Cannot use XGE Controller as Incredibuild is not installed on this machine.
[2018.08.27-23.25.18:580][  0]LogShaderCompilers: Cannot use XGE Shader Compiler as Incredibuild is not installed on this machine.
[2018.08.27-23.25.18:581][  0]LogShaderCompilers: Display: Using Local Shader Compiler.
[2018.08.27-23.25.19:448][  0]LogDerivedDataCache: Display: Max Cache Size: 512 MB
[2018.08.27-23.25.19:522][  0]LogDerivedDataCache: Loaded boot cache 0.07s 74MB C:/Users/Inuya/AppData/Local/UnrealEngine/4.19/DerivedDataCache/Boot.ddc.
[2018.08.27-23.25.19:522][  0]LogDerivedDataCache: Display: Loaded Boot cache: C:/Users/Inuya/AppData/Local/UnrealEngine/4.19/DerivedDataCache/Boot.ddc
[2018.08.27-23.25.19:522][  0]LogDerivedDataCache: FDerivedDataBackendGraph:  Pak pak cache file ../../../../GameDev/UE4/FearTrial/DerivedDataCache/DDC.ddp not found, will not use a pak cache.
[2018.08.27-23.25.19:522][  0]LogDerivedDataCache: Unable to find inner node Pak for hierarchical cache Hierarchy.
[2018.08.27-23.25.19:522][  0]LogDerivedDataCache: FDerivedDataBackendGraph:  CompressedPak pak cache file ../../../../GameDev/UE4/FearTrial/DerivedDataCache/Compressed.ddp not found, will not use a pak cache.
[2018.08.27-23.25.19:522][  0]LogDerivedDataCache: Unable to find inner node CompressedPak for hierarchical cache Hierarchy.
[2018.08.27-23.25.19:550][  0]LogDerivedDataCache: Display: Pak cache opened for reading ../../../Engine/DerivedDataCache/Compressed.ddp.
[2018.08.27-23.25.19:563][  0]LogDerivedDataCache: Using Local data cache path C:/Users/Inuya/AppData/Local/UnrealEngine/Common/DerivedDataCache: Writable
[2018.08.27-23.25.19:563][  0]LogDerivedDataCache: Shared data cache path not found in *engine.ini, will not use an Shared cache.
[2018.08.27-23.25.19:563][  0]LogDerivedDataCache: Unable to find inner node Shared for hierarchical cache Hierarchy.
[2018.08.27-23.25.19:587][  0]LogMaterial: Verifying Global Shaders for PCD3D_SM5
[2018.08.27-23.25.19:588][  0]LogSlate: Using Freetype 2.6.0
[2018.08.27-23.25.19:589][  0]LogSlate: SlateFontCache - WITH_FREETYPE: 1, WITH_HARFBUZZ: 1
[2018.08.27-23.25.19:589][  0]LogSlate: SlateFontCache - WITH_FREETYPE: 1, WITH_HARFBUZZ: 1
[2018.08.27-23.25.19:772][  0]LogAssetRegistry: FAssetRegistry took 0.0300 seconds to start up
[2018.08.27-23.25.20:274][  0]LogInit: Selected Device Profile: [Windows]
[2018.08.27-23.25.20:594][  0]LogSimplygon: Simplygon DLL not present - disabling.
[2018.08.27-23.25.20:597][  0]LogMeshReduction: Using SimplygonSwarm for distributed automatic mesh merging
[2018.08.27-23.25.20:597][  0]LogMeshReduction: Using QuadricMeshReduction for automatic static mesh reduction
[2018.08.27-23.25.20:597][  0]LogMeshReduction: No automatic skeletal mesh reduction module available
[2018.08.27-23.25.20:597][  0]LogMeshReduction: No automatic mesh merging module available
[2018.08.27-23.25.20:597][  0]LogMeshMerging: No automatic mesh merging module available
[2018.08.27-23.25.20:627][  0]LogNetVersion: Fears , NetCL: 3944462, EngineNetVer: 2, GameNetVer: 0 (Checksum: 949684406)
[2018.08.27-23.25.21:422][  0]LogPackageLocalizationCache: Processed 9 localized package path(s) for 2 prioritized culture(s) in 0.166218 seconds
[2018.08.27-23.25.21:437][  0]LogUObjectArray: 36728 objects as part of root set at end of initial load.
[2018.08.27-23.25.21:437][  0]LogUObjectAllocator: 7314304 out of 0 bytes used by permanent object pool.
[2018.08.27-23.25.21:437][  0]LogUObjectArray: CloseDisregardForGC: 0/0 objects in disregard for GC pool
[2018.08.27-23.25.24:817][  0]LogTcpMessaging: Initializing TcpMessaging bridge
[2018.08.27-23.25.24:860][  0]LogUdpMessaging: Initializing bridge on interface 0.0.0.0:0 to multicast group 230.0.0.1:6666.
[2018.08.27-23.25.25:421][  0]SourceControl: Source control is disabled
[2018.08.27-23.25.25:421][  0]SourceControl: Source control is disabled
[2018.08.27-23.25.25:451][  0]SourceControl: Source control is disabled
[2018.08.27-23.25.25:486][  0]SourceControl: Source control is disabled
[2018.08.27-23.25.26:299][  0]LogAndroidPermission: UAndroidPermissionCallbackProxy::GetInstance
[2018.08.27-23.25.26:530][  0]LogOcInput: OculusInput pre-init called
[2018.08.27-23.25.26:681][  0]LogEngine: Initializing Engine...
[2018.08.27-23.25.26:683][  0]LogHMD: Failed to initialize OpenVR with code 110
[2018.08.27-23.25.26:685][  0]LogStats: UGameplayTagsManager::ConstructGameplayTagTree: Construct from data asset -  0.000 s
[2018.08.27-23.25.26:685][  0]LogStats: UGameplayTagsManager::ConstructGameplayTagTree: GameplayTagTreeChangedEvent.Broadcast -  0.000 s
[2018.08.27-23.25.27:145][  0]LogAIModule: Creating AISystem for world Untitled
[2018.08.27-23.25.27:272][  0]LogInit: XAudio2 using 'Speakers/Headphones (Realtek Audio)' : 2 channels at 48 kHz using 32 bits per sample (channel mask 0x3)
[2018.08.27-23.25.27:623][  0]LogInit: FAudioDevice initialized.
[2018.08.27-23.25.27:729][  0]LogDerivedDataCache: Saved boot cache 0.11s 74MB C:/Users/Inuya/AppData/Local/UnrealEngine/4.19/DerivedDataCache/Boot.ddc.
[2018.08.27-23.25.27:746][  0]LogInit: Texture streaming: Enabled
[2018.08.27-23.25.27:763][  0]LogEngineSessionManager: EngineSessionManager initialized
[2018.08.27-23.25.27:784][  0]LogInit: Transaction tracking system initialized
[2018.08.27-23.25.27:821][  0]BlueprintLog: New page: Editor Load
[2018.08.27-23.25.27:919][  0]LocalizationService: Localization service is disabled
[2018.08.27-23.25.27:995][  0]LogLinker: Warning: Can't find file '/Game/2DSideScrollerBP/2DSideScrollerOverview'
[2018.08.27-23.25.27:995][  0]LogLinker: Warning: Can't find file '/Game/2DSideScrollerBP/2DSideScrollerOverview'
[2018.08.27-23.25.27:996][  0]LogUObjectGlobals: Warning: Failed to find object 'Class /Game/2DSideScrollerBP/2DSideScrollerOverview.2DSideScrollerOverview_C'
[2018.08.27-23.25.28:018][  0]LogConsoleResponse: Display: 
[2018.08.27-23.25.28:190][  0]LogCook: Display: Max memory allowance for cook 16384mb min free memory 0mb
[2018.08.27-23.25.28:190][  0]LogCook: Display: Mobile HDR setting 1
[2018.08.27-23.25.28:190][  0]LogGameplayTags: Display: UGameplayTagsManager::DoneAddingNativeTags. DelegateIsBound: 0
[2018.08.27-23.25.28:190][  0]LogStats: UGameplayTagsManager::ConstructGameplayTagTree: Construct from data asset -  0.000 s
[2018.08.27-23.25.28:190][  0]LogStats: UGameplayTagsManager::ConstructGameplayTagTree: GameplayTagTreeChangedEvent.Broadcast -  0.000 s
[2018.08.27-23.25.28:591][  0]LogFileCache: Scanning file cache for directory 'D:/GameDev/UE4/FearTrial/Content/' took 0.01s
[2018.08.27-23.25.28:591][  0]SourceControl: Source control is disabled
[2018.08.27-23.25.28:591][  0]Cmd: MAP LOAD FILE="../../../../GameDev/UE4/FearTrial/Content/ThirdPersonBP/Maps/ThirdPersonExampleMap.umap" TEMPLATE=0 SHOWPROGRESS=1 FEATURELEVEL=3
[2018.08.27-23.25.28:592][  0]LightingResults: New page: Lighting Build
[2018.08.27-23.25.28:594][  0]MapCheck: New page: Map Check
[2018.08.27-23.25.28:594][  0]LightingResults: New page: Lighting Build
[2018.08.27-23.25.28:655][  0]LogUObjectGlobals: Created PersistentFrame Addr=0x000002d74c19db40, Size=64, Default__ThirdPerson_AnimBP_C Function /Game/Mannequin/Animations/ThirdPerson_AnimBP.ThirdPerson_AnimBP_C:ExecuteUbergraph_ThirdPerson_AnimBP
[2018.08.27-23.25.28:666][  0]LogUObjectGlobals: Destroyed PersistentFrame Addr=0x000002d74c19db40, Size=64
[2018.08.27-23.25.28:666][  0]LogUObjectGlobals: Created PersistentFrame Addr=0x000002d74c19dc80, Size=64, Default__ThirdPerson_AnimBP_C Function /Engine/Transient.REINST_ThirdPerson_AnimBP_C_0:ExecuteUbergraph_ThirdPerson_AnimBP
[2018.08.27-23.25.28:676][  0]LogUObjectGlobals: Created PersistentFrame Addr=0x000002d748b64270, Size=72, Default__ThirdPerson_AnimBP_C Function /Game/Mannequin/Animations/ThirdPerson_AnimBP.ThirdPerson_AnimBP_C:ExecuteUbergraph_ThirdPerson_AnimBP
[2018.08.27-23.25.28:728][  0]LogUObjectGlobals: Created PersistentFrame Addr=0x000002d756857100, Size=296, Default__ThirdPersonCharacter_C Function /Game/ThirdPersonBP/Blueprints/ThirdPersonCharacter.ThirdPersonCharacter_C:ExecuteUbergraph_ThirdPersonCharacter
[2018.08.27-23.25.28:735][  0]LogUObjectGlobals: Destroyed PersistentFrame Addr=0x000002d756857100, Size=296
[2018.08.27-23.25.28:735][  0]LogUObjectGlobals: Created PersistentFrame Addr=0x000002d756857100, Size=296, Default__ThirdPersonCharacter_C Function /Engine/Transient.REINST_ThirdPersonCharacter_C_4:ExecuteUbergraph_ThirdPersonCharacter
[2018.08.27-23.25.28:741][  0]LogUObjectGlobals: Created PersistentFrame Addr=0x000002d756855580, Size=296, Default__ThirdPersonCharacter_C Function /Game/ThirdPersonBP/Blueprints/ThirdPersonCharacter.ThirdPersonCharacter_C:ExecuteUbergraph_ThirdPersonCharacter
[2018.08.27-23.25.29:005][  0]LogSkeletalMesh: Skeletal Mesh found in DDC [13.461797ms] /Game/Mannequin/Character/Mesh/SK_Mannequin.SK_Mannequin
[2018.08.27-23.25.29:084][  0]LogAIModule: Creating AISystem for world ThirdPersonExampleMap
[2018.08.27-23.25.29:096][  0]LogEditorServer: Finished looking for orphan Actors (0.000 secs)
[2018.08.27-23.25.29:112][  0]LogUObjectGlobals: Destroyed PersistentFrame Addr=0x000002d74c19dc80, Size=64
[2018.08.27-23.25.29:113][  0]LogUObjectGlobals: Destroyed PersistentFrame Addr=0x000002d756857100, Size=296
[2018.08.27-23.25.29:114][  0]Cmd: MAP CHECKDEP NOCLEARLOG
[2018.08.27-23.25.29:189][  0]MapCheck: Map check complete: 0 Error(s), 0 Warning(s), took 74.168ms to complete.
[2018.08.27-23.25.29:189][  0]LogFileHelpers: Loading map 'ThirdPersonExampleMap' took 0.598
[2018.08.27-23.25.29:347][  0]LogCollectionManager: Loaded 0 collections in 0.001102 seconds
[2018.08.27-23.25.29:391][  0]LogFileCache: Scanning file cache for directory 'D:/GameDev/UE4/FearTrial/Saved/Collections/' took 0.01s
[2018.08.27-23.25.29:391][  0]LogFileCache: Scanning file cache for directory 'D:/GameDev/UE4/FearTrial/Content/Developers/Diep/Collections/' took 0.01s
[2018.08.27-23.25.29:391][  0]LogFileCache: Scanning file cache for directory 'D:/GameDev/UE4/FearTrial/Content/Collections/' took 0.01s
[2018.08.27-23.25.29:391][  0]LogCollectionManager: Rebuilt the GUID cache for 0 collections in 0.000000 seconds
[2018.08.27-23.25.29:402][  0]LogContentBrowser: Native class hierarchy populated in 0.0111 seconds. Added 2452 classes and 558 folders.
[2018.08.27-23.25.29:408][  0]LogContentBrowser: Native class hierarchy updated for 'WidgetCarousel' in 0.0003 seconds. Added 0 classes and 0 folders.
[2018.08.27-23.25.29:455][  0]LogContentBrowser: Native class hierarchy updated for 'AddContentDialog' in 0.0003 seconds. Added 0 classes and 0 folders.
[2018.08.27-23.25.29:460][  0]LogContentBrowser: Native class hierarchy updated for 'SceneOutliner' in 0.0003 seconds. Added 1 classes and 2 folders.
[2018.08.27-23.25.29:546][  0]LogSlate: Took 0.000246 seconds to synchronously load lazily loaded font '../../../Engine/Content/Slate/Fonts/Roboto-Regular.ttf' (155K)
[2018.08.27-23.25.29:548][  0]LogSlate: Took 0.000215 seconds to synchronously load lazily loaded font '../../../Engine/Content/Slate/Fonts/Roboto-Bold.ttf' (160K)
[2018.08.27-23.25.29:555][  0]LogSlate: Took 0.000177 seconds to synchronously load lazily loaded font '../../../Engine/Content/Editor/Slate/Fonts/FontAwesome.ttf' (139K)
[2018.08.27-23.25.29:663][  0]LogRenderer: Reallocating scene render targets to support 1128x564 Format 10 NumSamples 1 (Frame:1).
[2018.08.27-23.25.29:834][  0]LogContentBrowser: Native class hierarchy updated for 'HierarchicalLODOutliner' in 0.0002 seconds. Added 0 classes and 0 folders.
[2018.08.27-23.25.29:834][  0]LogLoad: (Engine Initialization) Total time: 15.59 seconds
[2018.08.27-23.25.29:834][  0]LogLoad: (Engine Initialization) Total Blueprint compile time: 0.00 seconds
[2018.08.27-23.25.30:212][  0]LogContentStreaming: Texture pool size now 1000 MB
[2018.08.27-23.25.30:329][  0]LogSlate: Took 0.000555 seconds to synchronously load lazily loaded font '../../../Engine/Content/Slate/Fonts/Roboto-Light.ttf' (167K)
[2018.08.27-23.25.30:861][  2]LogAssetRegistry: Asset discovery search completed in 11.1122 seconds
[2018.08.27-23.25.30:865][  2]LogCollectionManager: Rebuilt the object cache for 0 collections in 0.000000 seconds (found 0 objects)
[2018.08.27-23.25.30:865][  2]LogCollectionManager: Fixed up redirectors for 0 collections in 0.000101 seconds (updated 0 objects)
[2018.08.27-23.25.33:174][  9]LogSlate: FSceneViewport::OnFocusLost() reason 0
[2018.08.27-23.25.36:680][101]LogSlate: Took 0.000194 seconds to synchronously load lazily loaded font '../../../Engine/Content/Slate/Fonts/Roboto-Light.ttf' (167K)
[2018.08.27-23.25.37:221][101]LogSavePackage: Save=394.69ms
[2018.08.27-23.25.37:221][101]LogSavePackage: Moving '../../../../GameDev/UE4/FearTrial/Saved/ThirdPersonExampleMap51FBE06E43916C3966549FB4AE20FD1D.tmp' to '../../../../GameDev/UE4/FearTrial/Content/ThirdPersonBP/Maps/ThirdPersonExampleMap.umap'
[2018.08.27-23.25.37:229][101]LogSavePackage: Display: Finished SavePackage ../../../../GameDev/UE4/FearTrial/Content/ThirdPersonBP/Maps/ThirdPersonExampleMap.umap
[2018.08.27-23.25.37:603][101]LogSavePackage: Save=268.85ms
[2018.08.27-23.25.37:603][101]LogSavePackage: Moving '../../../../GameDev/UE4/FearTrial/Saved/ThirdPersonExampleMap_BuiltData6CABA4FC442088883DD1839946088229.tmp' to '../../../../GameDev/UE4/FearTrial/Content/ThirdPersonBP/Maps/ThirdPersonExampleMap_BuiltData.uasset'
[2018.08.27-23.25.37:606][101]LogSavePackage: Display: Finished SavePackage ../../../../GameDev/UE4/FearTrial/Content/ThirdPersonBP/Maps/ThirdPersonExampleMap_BuiltData.uasset
[2018.08.27-23.25.40:475][183]LogTemp: Repeating last play command: Selected Viewport
[2018.08.27-23.25.40:490][183]LogBlueprintUserMessages: Early PlayInEditor Detection: Level '/Game/ThirdPersonBP/Maps/ThirdPersonExampleMap.ThirdPersonExampleMap:PersistentLevel' has LevelScriptBlueprint '/Game/ThirdPersonBP/Maps/ThirdPersonExampleMap.ThirdPersonExampleMap:PersistentLevel.ThirdPersonExampleMap' with GeneratedClass '/Game/ThirdPersonBP/Maps/ThirdPersonExampleMap.ThirdPersonExampleMap_C' with ClassGeneratedBy '/Game/ThirdPersonBP/Maps/ThirdPersonExampleMap.ThirdPersonExampleMap:PersistentLevel.ThirdPersonExampleMap'
[2018.08.27-23.25.40:490][183]LogPlayLevel: PlayLevel: No blueprints needed recompiling
[2018.08.27-23.25.40:491][183]PIE: New page: PIE session: ThirdPersonExampleMap (Aug 27, 2018, 3:25:40 PM)
[2018.08.27-23.25.40:491][183]LogPlayLevel: Creating play world package: /Game/ThirdPersonBP/Maps/UEDPIE_0_ThirdPersonExampleMap
[2018.08.27-23.25.40:504][183]LogPlayLevel: PIE: StaticDuplicateObject took: (0.013248s)
[2018.08.27-23.25.40:505][183]LogAIModule: Creating AISystem for world ThirdPersonExampleMap
[2018.08.27-23.25.40:505][183]LogPlayLevel: PIE: World Init took: (0.000618s)
[2018.08.27-23.25.40:505][183]LogPlayLevel: PIE: Created PIE world by copying editor world from /Game/ThirdPersonBP/Maps/ThirdPersonExampleMap.ThirdPersonExampleMap to /Game/ThirdPersonBP/Maps/UEDPIE_0_ThirdPersonExampleMap.ThirdPersonExampleMap (0.014034s)
[2018.08.27-23.25.40:520][183]LogInit: XAudio2 using 'Speakers/Headphones (Realtek Audio)' : 2 channels at 48 kHz using 32 bits per sample (channel mask 0x3)
[2018.08.27-23.25.40:526][183]LogInit: FAudioDevice initialized.
[2018.08.27-23.25.40:611][183]LogLoad: Game class is 'ThirdPersonGameMode_C'
[2018.08.27-23.25.40:617][183]LogWorld: Bringing World /Game/ThirdPersonBP/Maps/UEDPIE_0_ThirdPersonExampleMap.ThirdPersonExampleMap up for play (max tick rate 0) at 2018.08.27-19.25.40
[2018.08.27-23.25.40:618][183]LogWorld: Bringing up level for play took: 0.003651
[2018.08.27-23.25.40:623][183]LogContentBrowser: Native class hierarchy updated for 'MovieSceneCapture' in 0.0005 seconds. Added 11 classes and 0 folders.
[2018.08.27-23.25.40:625][183]PIE: Play in editor start time for /Game/ThirdPersonBP/Maps/UEDPIE_0_ThirdPersonExampleMap 0.586
[2018.08.27-23.25.40:625][183]LogBlueprintUserMessages: Late PlayInEditor Detection: Level '/Game/ThirdPersonBP/Maps/ThirdPersonExampleMap.ThirdPersonExampleMap:PersistentLevel' has LevelScriptBlueprint '/Game/ThirdPersonBP/Maps/ThirdPersonExampleMap.ThirdPersonExampleMap:PersistentLevel.ThirdPersonExampleMap' with GeneratedClass '/Game/ThirdPersonBP/Maps/ThirdPersonExampleMap.ThirdPersonExampleMap_C' with ClassGeneratedBy '/Game/ThirdPersonBP/Maps/ThirdPersonExampleMap.ThirdPersonExampleMap:PersistentLevel.ThirdPersonExampleMap'
[2018.08.27-23.25.57:877][700]LogBlueprintUserMessages: Early EndPlayMap Detection: Level '/Game/ThirdPersonBP/Maps/ThirdPersonExampleMap.ThirdPersonExampleMap:PersistentLevel' has LevelScriptBlueprint '/Game/ThirdPersonBP/Maps/ThirdPersonExampleMap.ThirdPersonExampleMap:PersistentLevel.ThirdPersonExampleMap' with GeneratedClass '/Game/ThirdPersonBP/Maps/ThirdPersonExampleMap.ThirdPersonExampleMap_C' with ClassGeneratedBy '/Game/ThirdPersonBP/Maps/ThirdPersonExampleMap.ThirdPersonExampleMap:PersistentLevel.ThirdPersonExampleMap'
[2018.08.27-23.25.57:940][700]LogBlueprintUserMessages: Late EndPlayMap Detection: Level '/Game/ThirdPersonBP/Maps/ThirdPersonExampleMap.ThirdPersonExampleMap:PersistentLevel' has LevelScriptBlueprint '/Game/ThirdPersonBP/Maps/ThirdPersonExampleMap.ThirdPersonExampleMap:PersistentLevel.ThirdPersonExampleMap' with GeneratedClass '/Game/ThirdPersonBP/Maps/ThirdPersonExampleMap.ThirdPersonExampleMap_C' with ClassGeneratedBy '/Game/ThirdPersonBP/Maps/ThirdPersonExampleMap.ThirdPersonExampleMap:PersistentLevel.ThirdPersonExampleMap'
[2018.08.27-23.27.54:360][142]LogSlate: FSceneViewport::OnFocusLost() reason 0
[2018.08.27-23.27.56:695][171]LogContentBrowser: Native class hierarchy updated for 'BlueprintGraph' in 0.0013 seconds. Added 116 classes and 0 folders.
[2018.08.27-23.27.57:480][171]LogUObjectGlobals: Created PersistentFrame Addr=0x000002d77a3e4f60, Size=4, Default__SKEL_PROTO_BP_AnimBlueprint_0_C Function /Engine/Transient.SKEL_PROTO_BP_AnimBlueprint_0_C:ExecuteUbergraph_PROTO_BP_AnimBlueprint_0
[2018.08.27-23.27.57:480][171]LogUObjectGlobals: Created PersistentFrame Addr=0x000002d77a3e4f58, Size=4, Default__PROTO_BP_AnimBlueprint_0_C Function /Engine/Transient.PROTO_BP_AnimBlueprint_0_C:ExecuteUbergraph_PROTO_BP_AnimBlueprint_0
[2018.08.27-23.27.57:958][171]LogSlate: Took 0.000194 seconds to synchronously load lazily loaded font '../../../Engine/Content/Slate/Fonts/Roboto-BoldCondensed.ttf' (158K)
[2018.08.27-23.27.58:115][172]LogSlate: Took 0.000214 seconds to synchronously load lazily loaded font '../../../Engine/Content/Slate/Fonts/Roboto-Italic.ttf' (157K)
[2018.08.27-23.28.06:240][333]LogRenderer: Reallocating scene render targets to support 1128x712 Format 10 NumSamples 1 (Frame:1).
[2018.08.27-23.28.11:967][460]LogUObjectGlobals: Created PersistentFrame Addr=0x000002d78440fe30, Size=4, Default__SKEL_ThirdPersonCharacter_C Function /Game/ThirdPersonBP/Blueprints/ThirdPersonCharacter.SKEL_ThirdPersonCharacter_C:ExecuteUbergraph_ThirdPersonCharacter
[2018.08.27-23.28.26:393][785]LogUObjectGlobals: Destroyed PersistentFrame Addr=0x000002d78440fe30, Size=4
[2018.08.27-23.28.26:393][785]LogUObjectGlobals: Created PersistentFrame Addr=0x000002d711ed52a0, Size=4, Default__SKEL_ThirdPersonCharacter_C Function /Engine/Transient.REINST_SKEL_ThirdPersonCharacter_C_28:ExecuteUbergraph_ThirdPersonCharacter
[2018.08.27-23.28.26:403][785]LogUObjectGlobals: Created PersistentFrame Addr=0x000002d711ed5678, Size=4, Default__SKEL_ThirdPersonCharacter_C Function /Game/ThirdPersonBP/Blueprints/ThirdPersonCharacter.SKEL_ThirdPersonCharacter_C:ExecuteUbergraph_ThirdPersonCharacter
[2018.08.27-23.28.28:069][817]LogSlate: Took 0.095625 seconds to synchronously load lazily loaded font '../../../Engine/Content/Slate/Fonts/Roboto-BoldCondensedItalic.ttf' (160K)
[2018.08.27-23.28.31:265][865]LogUObjectGlobals: Destroyed PersistentFrame Addr=0x000002d711ed5678, Size=4
[2018.08.27-23.28.31:266][865]LogUObjectGlobals: Created PersistentFrame Addr=0x000002d711ed5678, Size=4, Default__SKEL_ThirdPersonCharacter_C Function /Engine/Transient.REINST_SKEL_ThirdPersonCharacter_C_30:ExecuteUbergraph_ThirdPersonCharacter
[2018.08.27-23.28.31:278][865]LogUObjectGlobals: Created PersistentFrame Addr=0x000002d711ed48d0, Size=4, Default__SKEL_ThirdPersonCharacter_C Function /Game/ThirdPersonBP/Blueprints/ThirdPersonCharacter.SKEL_ThirdPersonCharacter_C:ExecuteUbergraph_ThirdPersonCharacter
[2018.08.27-23.28.57:719][123]BlueprintLog: New page: Compile ThirdPersonCharacter
[2018.08.27-23.28.57:733][123]LogUObjectGlobals: Destroyed PersistentFrame Addr=0x000002d711ed48d0, Size=4
[2018.08.27-23.28.57:733][123]LogUObjectGlobals: Created PersistentFrame Addr=0x000002d78440eff8, Size=4, Default__SKEL_ThirdPersonCharacter_C Function /Engine/Transient.REINST_SKEL_ThirdPersonCharacter_C_32:ExecuteUbergraph_ThirdPersonCharacter
[2018.08.27-23.28.57:748][123]LogUObjectGlobals: Destroyed PersistentFrame Addr=0x000002d756855580, Size=296
[2018.08.27-23.28.57:748][123]LogUObjectGlobals: Created PersistentFrame Addr=0x000002d7814dc540, Size=296, Default__ThirdPersonCharacter_C Function /Engine/Transient.REINST_ThirdPersonCharacter_C_34:ExecuteUbergraph_ThirdPersonCharacter
[2018.08.27-23.28.57:756][123]LogUObjectGlobals: Created PersistentFrame Addr=0x000002d7814df380, Size=296, Default__ThirdPersonCharacter_C Function /Game/ThirdPersonBP/Blueprints/ThirdPersonCharacter.ThirdPersonCharacter_C:ExecuteUbergraph_ThirdPersonCharacter
[2018.08.27-23.28.58:404][123]LogUObjectGlobals: Destroyed PersistentFrame Addr=0x000002d78440eff8, Size=4
[2018.08.27-23.29.37:015][610]LogUObjectGlobals: Created PersistentFrame Addr=0x000002d71eb11110, Size=4, Default__SKEL_ThirdPersonCharacter_C Function /Game/ThirdPersonBP/Blueprints/ThirdPersonCharacter.SKEL_ThirdPersonCharacter_C:ExecuteUbergraph_ThirdPersonCharacter
[2018.08.27-23.33.42:947][430]BlueprintLog: New page: Compile ThirdPersonCharacter
[2018.08.27-23.33.42:964][430]LogUObjectGlobals: Destroyed PersistentFrame Addr=0x000002d71eb11110, Size=4
[2018.08.27-23.33.42:964][430]LogUObjectGlobals: Created PersistentFrame Addr=0x000002d71ec2cb58, Size=4, Default__SKEL_ThirdPersonCharacter_C Function /Engine/Transient.REINST_SKEL_ThirdPersonCharacter_C_38:ExecuteUbergraph_ThirdPersonCharacter
[2018.08.27-23.33.42:982][430]LogUObjectGlobals: Destroyed PersistentFrame Addr=0x000002d7814df380, Size=296
[2018.08.27-23.33.42:982][430]LogUObjectGlobals: Created PersistentFrame Addr=0x000002d71e938e00, Size=296, ThirdPersonCharacter_C_87 Function /Engine/Transient.REINST_ThirdPersonCharacter_C_40:ExecuteUbergraph_ThirdPersonCharacter
[2018.08.27-23.33.43:044][430]LogUObjectGlobals: Created PersistentFrame Addr=0x000002d773608700, Size=328, Default__ThirdPersonCharacter_C Function /Game/ThirdPersonBP/Blueprints/ThirdPersonCharacter.ThirdPersonCharacter_C:ExecuteUbergraph_ThirdPersonCharacter
[2018.08.27-23.33.43:532][430]LogUObjectGlobals: Destroyed PersistentFrame Addr=0x000002d71ec2cb58, Size=4
[2018.08.27-23.35.55:295][838]LogSavePackage: Save=478.38ms
[2018.08.27-23.35.55:295][838]LogSavePackage: Moving '../../../../GameDev/UE4/FearTrial/Saved/ThirdPersonExampleMap_Auto12917D0754678F773A44D3B84024E0C55.tmp' to '../../../../GameDev/UE4/FearTrial/Saved/Autosaves/Game/ThirdPersonBP/Maps/ThirdPersonExampleMap_Auto1.umap'
[2018.08.27-23.35.55:301][838]LogSavePackage: Display: Finished SavePackage ../../../../GameDev/UE4/FearTrial/Saved/Autosaves/Game/ThirdPersonBP/Maps/ThirdPersonExampleMap_Auto1.umap
[2018.08.27-23.35.55:309][838]LogFileHelpers: Editor autosave (incl. sublevels) for '/Game/ThirdPersonBP/Maps/ThirdPersonExampleMap' took 0.641
[2018.08.27-23.35.55:309][838]LogFileHelpers: Editor autosave (incl. sublevels) for all levels took 0.641
[2018.08.27-23.35.55:323][838]OBJ SavePackage: Generating thumbnails for [1] asset(s) in package [/Game/ThirdPersonBP/Blueprints/ThirdPersonCharacter] ([1] browsable assets)...
[2018.08.27-23.35.55:408][838]OBJ SavePackage:     Rendered thumbnail for [Blueprint /Game/ThirdPersonBP/Blueprints/ThirdPersonCharacter.ThirdPersonCharacter]
[2018.08.27-23.35.55:408][838]OBJ SavePackage: Finished generating thumbnails for package [/Game/ThirdPersonBP/Blueprints/ThirdPersonCharacter]
[2018.08.27-23.35.55:681][838]LogSavePackage: Save=233.53ms
[2018.08.27-23.35.55:681][838]LogSavePackage: Moving '../../../../GameDev/UE4/FearTrial/Saved/ThirdPersonCharacter_Auto105C129A2402EDF6EC79994B917778F99.tmp' to '../../../../GameDev/UE4/FearTrial/Saved/Autosaves/Game/ThirdPersonBP/Blueprints/ThirdPersonCharacter_Auto1.uasset'
[2018.08.27-23.35.55:687][838]LogSavePackage: Display: Finished SavePackage ../../../../GameDev/UE4/FearTrial/Saved/Autosaves/Game/ThirdPersonBP/Blueprints/ThirdPersonCharacter_Auto1.uasset
[2018.08.27-23.35.55:687][838]LogFileHelpers: Auto-saving content packages took 0.367
[2018.08.27-23.45.56:387][ 56]LogFileHelpers: Editor autosave (incl. sublevels) for '/Game/ThirdPersonBP/Maps/ThirdPersonExampleMap' took 0.067
[2018.08.27-23.45.56:392][ 56]OBJ SavePackage: Generating thumbnails for [1] asset(s) in package [/Game/ThirdPersonBP/Blueprints/ThirdPersonCharacter] ([1] browsable assets)...
[2018.08.27-23.45.56:454][ 56]OBJ SavePackage:     Rendered thumbnail for [Blueprint /Game/ThirdPersonBP/Blueprints/ThirdPersonCharacter.ThirdPersonCharacter]
[2018.08.27-23.45.56:454][ 56]OBJ SavePackage: Finished generating thumbnails for package [/Game/ThirdPersonBP/Blueprints/ThirdPersonCharacter]
[2018.08.27-23.45.57:039][ 56]LogSavePackage: Save=545.26ms
[2018.08.27-23.45.57:039][ 56]LogSavePackage: Moving '../../../../GameDev/UE4/FearTrial/Saved/ThirdPersonCharacter_Auto2A70FCEDB43CDFE7203ABA18390F429B0.tmp' to '../../../../GameDev/UE4/FearTrial/Saved/Autosaves/Game/ThirdPersonBP/Blueprints/ThirdPersonCharacter_Auto2.uasset'
[2018.08.27-23.45.57:047][ 56]LogSavePackage: Display: Finished SavePackage ../../../../GameDev/UE4/FearTrial/Saved/Autosaves/Game/ThirdPersonBP/Blueprints/ThirdPersonCharacter_Auto2.uasset
[2018.08.27-23.45.57:048][ 56]LogFileHelpers: Auto-saving content packages took 0.659
[2018.08.28-01.32.35:100][920]LogInit: XAudio2 using 'Speakers/Headphones (Realtek Audio)' : 2 channels at 48 kHz using 32 bits per sample (channel mask 0x3)
[2018.08.28-01.41.07:420][627]LogSlate: Window 'ThirdPersonCharacter*' being destroyed
[2018.08.28-01.41.07:425][627]LogSlate: Window 'ThirdPersonCharacter*' being destroyed
[2018.08.28-01.41.11:607][956]LogSlate: Window 'Save Content' being destroyed
[2018.08.28-01.41.11:635][956]Cmd: OBJ SAVEPACKAGE PACKAGE="/Game/ThirdPersonBP/Blueprints/ThirdPersonCharacter" FILE="../../../../GameDev/UE4/FearTrial/Content/ThirdPersonBP/Blueprints/ThirdPersonCharacter.uasset" SILENT=true
[2018.08.28-01.41.11:700][956]LogSavePackage: Save=50.95ms
[2018.08.28-01.41.11:700][956]LogSavePackage: Moving '../../../../GameDev/UE4/FearTrial/Saved/ThirdPersonCharacter0BEE958A4162DE218C2908B03151155A.tmp' to '../../../../GameDev/UE4/FearTrial/Content/ThirdPersonBP/Blueprints/ThirdPersonCharacter.uasset'
[2018.08.28-01.41.11:706][956]LogSavePackage: Display: Finished SavePackage ../../../../GameDev/UE4/FearTrial/Content/ThirdPersonBP/Blueprints/ThirdPersonCharacter.uasset
[2018.08.28-01.41.13:767][956]LogSavePackage: Save=152.06ms
[2018.08.28-01.41.13:767][956]LogSavePackage: Moving '../../../../GameDev/UE4/FearTrial/Saved/ThirdPersonExampleMapB0CBB78740FF3F83E0C161B83D980DC9.tmp' to '../../../../GameDev/UE4/FearTrial/Content/ThirdPersonBP/Maps/ThirdPersonExampleMap.umap'
[2018.08.28-01.41.13:773][956]LogSavePackage: Display: Finished SavePackage ../../../../GameDev/UE4/FearTrial/Content/ThirdPersonBP/Maps/ThirdPersonExampleMap.umap
[2018.08.28-01.41.13:798][956]LogFileHelpers: Saving map 'ThirdPersonExampleMap' took 2.089
[2018.08.28-01.41.13:854][956]LogSlate: Window 'Fears - Unreal Editor' being destroyed
[2018.08.28-01.41.13:855][956]LogWindowsTextInputMethodSystem: Display: IME system now deactivated.
[2018.08.28-01.41.14:062][957]Cmd: QUIT_EDITOR
[2018.08.28-01.41.14:815][957]LogSlate: Slate User Destroyed.  User Index 0, Is Virtual User: 0
[2018.08.28-01.41.14:815][957]LogExit: Preparing to exit.
[2018.08.28-01.41.15:303][957]LogDirectoryWatcher: A directory notification for 'D:/GameDev/UE4/FearTrial/Content/' was aborted.
[2018.08.28-01.41.15:384][957]LogExit: Editor shut down
[2018.08.28-01.41.15:410][957]LogExit: Transaction tracking system shut down
[2018.08.28-01.41.15:411][957]LogUObjectGlobals: Destroyed PersistentFrame Addr=0x000002d748b64270, Size=72
[2018.08.28-01.41.15:411][957]LogUObjectGlobals: Destroyed PersistentFrame Addr=0x000002d7814dc540, Size=296
[2018.08.28-01.41.15:417][957]LogUObjectGlobals: Destroyed PersistentFrame Addr=0x000002d773608700, Size=328
[2018.08.28-01.41.15:418][957]LogUObjectGlobals: Destroyed PersistentFrame Addr=0x000002d77a3e4f60, Size=4
[2018.08.28-01.41.15:418][957]LogUObjectGlobals: Destroyed PersistentFrame Addr=0x000002d77a3e4f58, Size=4
[2018.08.28-01.41.15:419][957]LogUObjectGlobals: Destroyed PersistentFrame Addr=0x000002d711ed52a0, Size=4
[2018.08.28-01.41.15:419][957]LogUObjectGlobals: Destroyed PersistentFrame Addr=0x000002d711ed5678, Size=4
[2018.08.28-01.41.15:419][957]LogUObjectGlobals: Destroyed PersistentFrame Addr=0x000002d71e938e00, Size=296
[2018.08.28-01.41.15:551][957]LogDirectoryWatcher: A directory notification for '../../../Engine/Content/' was aborted.
[2018.08.28-01.41.15:551][957]LogDirectoryWatcher: A directory notification for '../../../../GameDev/UE4/FearTrial/Content/' was aborted.
[2018.08.28-01.41.15:551][957]LogDirectoryWatcher: A directory notification for '../../Plugins/2D/Paper2D/Content/' was aborted.
[2018.08.28-01.41.15:551][957]LogDirectoryWatcher: A directory notification for '../../Plugins/Enterprise/DatasmithContent/Content/' was aborted.
[2018.08.28-01.41.15:551][957]LogDirectoryWatcher: A directory notification for '../../Plugins/Media/MediaCompositing/Content/' was aborted.
[2018.08.28-01.41.15:551][957]LogDirectoryWatcher: A directory notification for '../../Plugins/Runtime/AppleARKit/Content/' was aborted.
[2018.08.28-01.41.15:552][957]LogDirectoryWatcher: A directory notification for '../../Plugins/Runtime/Oculus/OculusVR/Content/' was aborted.
[2018.08.28-01.41.15:552][957]LogDirectoryWatcher: A directory notification for '../../Plugins/Runtime/Steam/SteamVR/Content/' was aborted.
[2018.08.28-01.41.15:708][957]LogExit: Object subsystem successfully closed.
[2018.08.28-01.41.15:740][957]LogShaderCompilers: Display: Shaders left to compile 0
[2018.08.28-01.41.15:745][957]LogD3D11RHI: Shutdown
[2018.08.28-01.41.15:745][957]LogD3D11RHI: CleanupD3DDevice
[2018.08.28-01.41.15:750][957]LogD3D11RHI: ~FD3D11DynamicRHI
[2018.08.28-01.41.15:760][957]LogModuleManager: Shutting down and abandoning module BlueprintGraph (578)
[2018.08.28-01.41.15:760][957]LogModuleManager: Shutting down and abandoning module MovieSceneCapture (576)
[2018.08.28-01.41.15:760][957]LogModuleManager: Shutting down and abandoning module HierarchicalLODOutliner (574)
[2018.08.28-01.41.15:760][957]LogModuleManager: Shutting down and abandoning module SceneOutliner (572)
[2018.08.28-01.41.15:760][957]LogModuleManager: Shutting down and abandoning module AddContentDialog (570)
[2018.08.28-01.41.15:761][957]LogDirectoryWatcher: A directory notification for 'D:/UE_4.19/FeaturePacks/' was aborted.
[2018.08.28-01.41.15:766][957]LogModuleManager: Shutting down and abandoning module WidgetCarousel (569)
[2018.08.28-01.41.15:766][957]LogModuleManager: Shutting down and abandoning module EditorWidgets (566)
[2018.08.28-01.41.15:766][957]LogModuleManager: Shutting down and abandoning module CollectionManager (564)
[2018.08.28-01.41.15:767][957]LogDirectoryWatcher: A directory notification for 'D:/GameDev/UE4/FearTrial/Content/Collections/' was aborted.
[2018.08.28-01.41.15:767][957]LogDirectoryWatcher: A directory notification for 'D:/GameDev/UE4/FearTrial/Content/Developers/Diep/Collections/' was aborted.
[2018.08.28-01.41.15:767][957]LogDirectoryWatcher: A directory notification for 'D:/GameDev/UE4/FearTrial/Saved/Collections/' was aborted.
[2018.08.28-01.41.15:767][957]LogModuleManager: Shutting down and abandoning module StatsViewer (562)
[2018.08.28-01.41.15:767][957]LogModuleManager: Shutting down and abandoning module FoliageEdit (560)
[2018.08.28-01.41.15:767][957]LogModuleManager: Shutting down and abandoning module LandscapeEditor (558)
[2018.08.28-01.41.15:767][957]LogModuleManager: Shutting down and abandoning module MeshPaintMode (556)
[2018.08.28-01.41.15:767][957]LogModuleManager: Shutting down and abandoning module SceneDepthPickerMode (554)
[2018.08.28-01.41.15:767][957]LogModuleManager: Shutting down and abandoning module ActorPickerMode (552)
[2018.08.28-01.41.15:767][957]LogModuleManager: Shutting down and abandoning module GeometryMode (550)
[2018.08.28-01.41.15:767][957]LogModuleManager: Shutting down and abandoning module TextureAlignMode (548)
[2018.08.28-01.41.15:767][957]LogModuleManager: Shutting down and abandoning module BspMode (546)
[2018.08.28-01.41.15:767][957]LogModuleManager: Shutting down and abandoning module PIEPreviewDeviceProfileSelector (544)
[2018.08.28-01.41.15:767][957]LogModuleManager: Shutting down and abandoning module HardwareSurvey (542)
[2018.08.28-01.41.15:767][957]LogModuleManager: Shutting down and abandoning module SequenceRecorderSections (540)
[2018.08.28-01.41.15:767][957]LogModuleManager: Shutting down and abandoning module AutomationWorker (538)
[2018.08.28-01.41.15:767][957]LogModuleManager: Shutting down and abandoning module AudioCaptureEditor (536)
[2018.08.28-01.41.15:767][957]LogModuleManager: Shutting down and abandoning module SequenceRecorder (535)
[2018.08.28-01.41.15:768][957]LogModuleManager: Shutting down and abandoning module MatineeToLevelSequence (532)
[2018.08.28-01.41.15:768][957]LogModuleManager: Shutting down and abandoning module LevelSequenceEditor (530)
[2018.08.28-01.41.15:768][957]LogModuleManager: Shutting down and abandoning module PlacementMode (529)
[2018.08.28-01.41.15:768][957]LogModuleManager: Shutting down and abandoning module MaterialEditor (528)
[2018.08.28-01.41.15:768][957]LogModuleManager: Shutting down and abandoning module WmfMediaFactory (524)
[2018.08.28-01.41.15:768][957]LogModuleManager: Shutting down and abandoning module WmfMediaEditor (522)
[2018.08.28-01.41.15:768][957]LogModuleManager: Shutting down and abandoning module MediaPlayerEditor (520)
[2018.08.28-01.41.15:768][957]LogModuleManager: Shutting down and abandoning module OpenExrWrapper (518)
[2018.08.28-01.41.15:768][957]LogModuleManager: Shutting down and abandoning module ImgMediaFactory (516)
[2018.08.28-01.41.15:768][957]LogModuleManager: Shutting down and abandoning module ImgMediaEditor (514)
[2018.08.28-01.41.15:768][957]LogModuleManager: Shutting down and abandoning module AvfMediaFactory (512)
[2018.08.28-01.41.15:768][957]LogModuleManager: Shutting down and abandoning module AvfMediaEditor (510)
[2018.08.28-01.41.15:768][957]LogModuleManager: Shutting down and abandoning module AndroidMediaFactory (508)
[2018.08.28-01.41.15:768][957]LogModuleManager: Shutting down and abandoning module AndroidMediaEditor (506)
[2018.08.28-01.41.15:768][957]LogModuleManager: Shutting down and abandoning module CharacterAI (504)
[2018.08.28-01.41.15:768][957]LogModuleManager: Shutting down and abandoning module SmartSnapping (502)
[2018.08.28-01.41.15:768][957]LogModuleManager: Shutting down and abandoning module SessionServices (500)
[2018.08.28-01.41.15:768][957]LogModuleManager: Shutting down and abandoning module ViewportSnapping (498)
[2018.08.28-01.41.15:768][957]LogModuleManager: Shutting down and abandoning module ViewportInteraction (496)
[2018.08.28-01.41.15:768][957]LogModuleManager: Shutting down and abandoning module ClothPainter (494)
[2018.08.28-01.41.15:768][957]LogModuleManager: Shutting down and abandoning module SkeletalMeshEditor (493)
[2018.08.28-01.41.15:769][957]LogModuleManager: Shutting down and abandoning module LogVisualizer (490)
[2018.08.28-01.41.15:769][957]LogModuleManager: Shutting down and abandoning module IntroTutorials (488)
[2018.08.28-01.41.15:769][957]LogModuleManager: Shutting down and abandoning module GameProjectGeneration (487)
[2018.08.28-01.41.15:769][957]LogModuleManager: Shutting down and abandoning module IOSPlatformEditor (484)
[2018.08.28-01.41.15:769][957]LogModuleManager: Shutting down and abandoning module HTML5PlatformEditor (482)
[2018.08.28-01.41.15:769][957]LogModuleManager: Shutting down and abandoning module AndroidPlatformEditor (480)
[2018.08.28-01.41.15:769][957]LogModuleManager: Shutting down and abandoning module AndroidDeviceDetection (479)
[2018.08.28-01.41.16:605][957]LogModuleManager: Shutting down and abandoning module WindowsPlatformEditor (476)
[2018.08.28-01.41.16:605][957]LogModuleManager: Shutting down and abandoning module IOSRuntimeSettings (474)
[2018.08.28-01.41.16:605][957]LogModuleManager: Shutting down and abandoning module AndroidRuntimeSettings (472)
[2018.08.28-01.41.16:605][957]LogModuleManager: Shutting down and abandoning module InputBindingEditor (470)
[2018.08.28-01.41.16:605][957]LogModuleManager: Shutting down and abandoning module MergeActors (468)
[2018.08.28-01.41.16:605][957]LogModuleManager: Shutting down and abandoning module LocalizationDashboard (466)
[2018.08.28-01.41.16:605][957]LogModuleManager: Shutting down and abandoning module LocalizationService (465)
[2018.08.28-01.41.16:605][957]LogModuleManager: Shutting down and abandoning module HardwareTargeting (462)
[2018.08.28-01.41.16:605][957]LogModuleManager: Shutting down and abandoning module DeviceProfileEditor (460)
[2018.08.28-01.41.16:606][957]LogModuleManager: Shutting down and abandoning module UndoHistory (458)
[2018.08.28-01.41.16:606][957]LogModuleManager: Shutting down and abandoning module XmlParser (456)
[2018.08.28-01.41.16:606][957]LogModuleManager: Shutting down and abandoning module Blutility (454)
[2018.08.28-01.41.16:606][957]LogModuleManager: Shutting down and abandoning module ProjectSettingsViewer (452)
[2018.08.28-01.41.16:606][957]LogModuleManager: Shutting down and abandoning module ProjectTargetPlatformEditor (451)
[2018.08.28-01.41.16:606][957]LogModuleManager: Shutting down and abandoning module EditorSettingsViewer (448)
[2018.08.28-01.41.16:606][957]LogModuleManager: Shutting down and abandoning module SettingsEditor (446)
[2018.08.28-01.41.16:607][957]LogModuleManager: Shutting down and abandoning module ProjectLauncher (444)
[2018.08.28-01.41.16:607][957]LogModuleManager: Shutting down and abandoning module SessionFrontend (442)
[2018.08.28-01.41.16:607][957]LogModuleManager: Shutting down and abandoning module ProfilerClient (440)
[2018.08.28-01.41.16:607][957]LogModuleManager: Shutting down and abandoning module DeviceManager (438)
[2018.08.28-01.41.16:607][957]LogModuleManager: Shutting down and abandoning module TargetDeviceServices (437)
[2018.08.28-01.41.16:662][957]LogModuleManager: Shutting down and abandoning module AutomationController (434)
[2018.08.28-01.41.16:662][957]LogModuleManager: Shutting down and abandoning module AutomationWindow (432)
[2018.08.28-01.41.16:662][957]LogModuleManager: Shutting down and abandoning module Layers (430)
[2018.08.28-01.41.16:662][957]LogModuleManager: Shutting down and abandoning module ComponentVisualizers (428)
[2018.08.28-01.41.16:662][957]LogModuleManager: Shutting down and abandoning module DetailCustomizations (426)
[2018.08.28-01.41.16:662][957]LogModuleManager: Shutting down and abandoning module PackagesDialog (424)
[2018.08.28-01.41.16:662][957]LogModuleManager: Shutting down and abandoning module Persona (422)
[2018.08.28-01.41.16:662][957]LogModuleManager: Shutting down and abandoning module AdvancedPreviewScene (421)
[2018.08.28-01.41.16:662][957]LogModuleManager: Shutting down and abandoning module AnimGraph (419)
[2018.08.28-01.41.16:662][957]LogModuleManager: Shutting down and abandoning module Kismet (416)
[2018.08.28-01.41.16:668][957]LogModuleManager: Shutting down and abandoning module GraphEditor (414)
[2018.08.28-01.41.16:669][957]LogModuleManager: Shutting down and abandoning module ClassViewer (412)
[2018.08.28-01.41.16:669][957]LogModuleManager: Shutting down and abandoning module Toolbox (410)
[2018.08.28-01.41.16:669][957]LogModuleManager: Shutting down and abandoning module ModuleUI (408)
[2018.08.28-01.41.16:669][957]LogModuleManager: Shutting down and abandoning module MovieSceneTools (406)
[2018.08.28-01.41.16:669][957]LogModuleManager: Shutting down and abandoning module OutputLog (404)
[2018.08.28-01.41.16:669][957]LogModuleManager: Shutting down and abandoning module GammaUI (402)
[2018.08.28-01.41.16:669][957]LogModuleManager: Shutting down and abandoning module Documentation (400)
[2018.08.28-01.41.16:669][957]LogModuleManager: Shutting down and abandoning module MovieSceneTracks (398)
[2018.08.28-01.41.16:669][957]LogModuleManager: Shutting down and abandoning module MovieScene (396)
[2018.08.28-01.41.16:669][957]LogModuleManager: Shutting down and abandoning module StreamingPauseRendering (394)
[2018.08.28-01.41.16:669][957]LogModuleManager: Shutting down and abandoning module LauncherPlatform (392)
[2018.08.28-01.41.16:669][957]LogModuleManager: Shutting down and abandoning module AnalyticsET (390)
[2018.08.28-01.41.16:669][957]LogModuleManager: Shutting down and abandoning module PortalServices (388)
[2018.08.28-01.41.16:669][957]LogModuleManager: Shutting down and abandoning module PortalRpc (386)
[2018.08.28-01.41.16:669][957]LogModuleManager: Shutting down and abandoning module MessagingRpc (384)
[2018.08.28-01.41.16:669][957]LogModuleManager: Shutting down and abandoning module AIModule (382)
[2018.08.28-01.41.16:669][957]LogModuleManager: Shutting down and abandoning module GameplayDebugger (381)
[2018.08.28-01.41.16:669][957]LogModuleManager: Shutting down and abandoning module AITestSuite (379)
[2018.08.28-01.41.16:669][957]LogModuleManager: Shutting down and abandoning module DesktopPlatform (376)
[2018.08.28-01.41.16:670][957]LogModuleManager: Shutting down and abandoning module ProfilerService (374)
[2018.08.28-01.41.16:753][957]LogModuleManager: Shutting down and abandoning module TaskGraph (372)
[2018.08.28-01.41.16:753][957]LogModuleManager: Shutting down and abandoning module SteamVRController (370)
[2018.08.28-01.41.16:753][957]LogModuleManager: Shutting down and abandoning module ProceduralMeshComponentEditor (368)
[2018.08.28-01.41.16:753][957]LogModuleManager: Shutting down and abandoning module ProceduralMeshComponent (366)
[2018.08.28-01.41.16:753][957]LogModuleManager: Shutting down and abandoning module OculusInput (364)
[2018.08.28-01.41.16:753][957]LogModuleManager: Shutting down and abandoning module MobilePatchingUtils (362)
[2018.08.28-01.41.16:753][957]LogModuleManager: Shutting down and abandoning module CustomMeshComponent (360)
[2018.08.28-01.41.16:753][957]LogModuleManager: Shutting down and abandoning module CableComponent (358)
[2018.08.28-01.41.16:754][957]LogModuleManager: Shutting down and abandoning module AudioCapture (356)
[2018.08.28-01.41.16:754][957]LogModuleManager: Shutting down and abandoning module ArchVisCharacter (354)
[2018.08.28-01.41.16:754][957]LogModuleManager: Shutting down and abandoning module AndroidPermission (352)
[2018.08.28-01.41.16:754][957]LogModuleManager: Shutting down and abandoning module NUTUnrealEngine4 (348)
[2018.08.28-01.41.16:754][957]LogModuleManager: Shutting down and abandoning module NetcodeUnitTest (346)
[2018.08.28-01.41.16:754][957]LogModuleManager: Shutting down and abandoning module MediaCompositingEditor (344)
[2018.08.28-01.41.16:754][957]LogModuleManager: Shutting down and abandoning module MediaCompositing (342)
[2018.08.28-01.41.16:754][957]LogModuleManager: Shutting down and abandoning module LinearTimecode (340)
[2018.08.28-01.41.16:754][957]LogModuleManager: Shutting down and abandoning module ImgMedia (338)
[2018.08.28-01.41.16:757][957]LogModuleManager: Shutting down and abandoning module HTML5Networking (336)
[2018.08.28-01.41.16:757][957]LogModuleManager: Shutting down and abandoning module AlembicImporter (334)
[2018.08.28-01.41.16:757][957]LogModuleManager: Shutting down and abandoning module AlembicLibrary (333)
[2018.08.28-01.41.16:757][957]LogModuleManager: Shutting down and abandoning module GeometryCache (332)
[2018.08.28-01.41.16:757][957]LogModuleManager: Shutting down and abandoning module GeometryCacheEd (331)
[2018.08.28-01.41.16:757][957]LogModuleManager: Shutting down and abandoning module DatasmithContent (326)
[2018.08.28-01.41.16:757][957]LogModuleManager: Shutting down and abandoning module SpeedTreeImporter (324)
[2018.08.28-01.41.16:757][957]LogModuleManager: Shutting down and abandoning module PluginBrowser (322)
[2018.08.28-01.41.16:757][957]LogModuleManager: Shutting down and abandoning module MobileLauncherProfileWizard (320)
[2018.08.28-01.41.16:757][957]LogModuleManager: Shutting down and abandoning module CryptoKeysOpenSSL (318)
[2018.08.28-01.41.16:757][957]LogModuleManager: Shutting down and abandoning module CryptoKeys (316)
[2018.08.28-01.41.16:757][957]LogModuleManager: Shutting down and abandoning module VisualStudioSourceCodeAccess (314)
[2018.08.28-01.41.16:757][957]LogModuleManager: Shutting down and abandoning module VisualStudioCodeSourceCodeAccess (312)
[2018.08.28-01.41.16:757][957]LogModuleManager: Shutting down and abandoning module UObjectPlugin (310)
[2018.08.28-01.41.16:757][957]LogModuleManager: Shutting down and abandoning module SubversionSourceControl (308)
[2018.08.28-01.41.16:757][957]LogModuleManager: Shutting down and abandoning module PerforceSourceControl (306)
[2018.08.28-01.41.16:757][957]LogModuleManager: Shutting down and abandoning module GitSourceControl (304)
[2018.08.28-01.41.16:757][957]LogModuleManager: Shutting down and abandoning module SourceControl (303)
[2018.08.28-01.41.16:758][957]LogModuleManager: Shutting down and abandoning module CLionSourceCodeAccess (300)
[2018.08.28-01.41.16:758][957]LogModuleManager: Shutting down and abandoning module LightPropagationVolumeEditor (298)
[2018.08.28-01.41.16:758][957]LogModuleManager: Shutting down and abandoning module PaperTiledImporter (296)
[2018.08.28-01.41.16:758][957]LogModuleManager: Shutting down and abandoning module PaperSpriteSheetImporter (294)
[2018.08.28-01.41.16:758][957]LogModuleManager: Shutting down and abandoning module Paper2DEditor (292)
[2018.08.28-01.41.16:758][957]LogModuleManager: Shutting down and abandoning module MeshPaint (291)
[2018.08.28-01.41.16:758][957]LogModuleManager: Shutting down and abandoning module RuntimePhysXCooking (288)
[2018.08.28-01.41.16:758][957]LogModuleManager: Shutting down and abandoning module PhysXVehiclesEditor (286)
[2018.08.28-01.41.16:758][957]LogModuleManager: Shutting down and abandoning module PhysXVehicles (284)
[2018.08.28-01.41.16:758][957]LogModuleManager: Shutting down and abandoning module OculusEditor (282)
[2018.08.28-01.41.16:758][957]LogModuleManager: Shutting down and abandoning module LocationServicesBPLibrary (280)
[2018.08.28-01.41.16:758][957]LogModuleManager: Shutting down and abandoning module ImmediatePhysicsEditor (278)
[2018.08.28-01.41.16:758][957]LogModuleManager: Shutting down and abandoning module ImmediatePhysics (276)
[2018.08.28-01.41.16:758][957]LogModuleManager: Shutting down and abandoning module ActorSequence (274)
[2018.08.28-01.41.16:758][957]LogModuleManager: Shutting down and abandoning module UdpMessaging (272)
[2018.08.28-01.41.16:858][957]LogModuleManager: Shutting down and abandoning module TcpMessaging (270)
[2018.08.28-01.41.16:959][957]LogModuleManager: Shutting down and abandoning module GameplayTagsEditor (268)
[2018.08.28-01.41.16:959][957]LogModuleManager: Shutting down and abandoning module FacialAnimationEditor (266)
[2018.08.28-01.41.16:959][957]LogModuleManager: Shutting down and abandoning module FacialAnimation (264)
[2018.08.28-01.41.16:959][957]LogModuleManager: Shutting down and abandoning module DataValidation (262)
[2018.08.28-01.41.16:959][957]LogModuleManager: Shutting down and abandoning module AssetManagerEditor (260)
[2018.08.28-01.41.16:959][957]LogModuleManager: Shutting down and abandoning module LevelEditor (259)
[2018.08.28-01.41.16:960][957]LogModuleManager: Shutting down and abandoning module PixelInspectorModule (258)
[2018.08.28-01.41.16:960][957]LogModuleManager: Shutting down and abandoning module CommonMenuExtensions (256)
[2018.08.28-01.41.16:960][957]LogModuleManager: Shutting down and abandoning module MainFrame (254)
[2018.08.28-01.41.16:960][957]LogModuleManager: Shutting down and abandoning module HotReload (253)
[2018.08.28-01.41.16:961][957]LogModuleManager: Shutting down and abandoning module ContentBrowser (249)
[2018.08.28-01.41.16:962][957]LogModuleManager: Shutting down and abandoning module TreeMap (247)
[2018.08.28-01.41.16:962][957]LogModuleManager: Shutting down and abandoning module LightPropagationVolumeRuntime (244)
[2018.08.28-01.41.16:962][957]LogModuleManager: Shutting down and abandoning module LiveLinkEditor (242)
[2018.08.28-01.41.16:962][957]LogModuleManager: Shutting down and abandoning module LiveLink (240)
[2018.08.28-01.41.17:922][957]LogModuleManager: Shutting down and abandoning module Paper2D (238)
[2018.08.28-01.41.17:922][957]LogModuleManager: Shutting down and abandoning module WindowsMoviePlayer (236)
[2018.08.28-01.41.17:922][957]LogModuleManager: Shutting down and abandoning module WmfMedia (234)
[2018.08.28-01.41.17:923][957]LogModuleManager: Shutting down and abandoning module Media (233)
[2018.08.28-01.41.17:930][957]LogModuleManager: Shutting down and abandoning module PacketHandler (230)
[2018.08.28-01.41.17:930][957]LogModuleManager: Shutting down and abandoning module ClothingSystemEditor (228)
[2018.08.28-01.41.17:930][957]LogModuleManager: Shutting down and abandoning module ClothingSystemRuntime (226)
[2018.08.28-01.41.17:930][957]LogModuleManager: Shutting down and abandoning module MediaAssets (224)
[2018.08.28-01.41.17:930][957]LogModuleManager: Shutting down and abandoning module Overlay (222)
[2018.08.28-01.41.17:930][957]LogModuleManager: Shutting down and abandoning module OverlayEditor (221)
[2018.08.28-01.41.17:930][957]LogModuleManager: Shutting down and abandoning module VREditor (218)
[2018.08.28-01.41.17:930][957]LogModuleManager: Shutting down and abandoning module StringTableEditor (216)
[2018.08.28-01.41.17:930][957]LogModuleManager: Shutting down and abandoning module GameplayTasksEditor (214)
[2018.08.28-01.41.17:930][957]LogModuleManager: Shutting down and abandoning module BehaviorTreeEditor (212)
[2018.08.28-01.41.17:930][957]LogModuleManager: Shutting down and abandoning module FunctionalTesting (210)
[2018.08.28-01.41.17:930][957]LogModuleManager: Shutting down and abandoning module CollisionAnalyzer (208)
[2018.08.28-01.41.17:930][957]LogModuleManager: Shutting down and abandoning module WorkspaceMenuStructure (207)
[2018.08.28-01.41.17:930][957]LogModuleManager: Shutting down and abandoning module UMG (204)
[2018.08.28-01.41.17:930][957]LogModuleManager: Shutting down and abandoning module UMGEditor (203)
[2018.08.28-01.41.17:930][957]LogModuleManager: Shutting down and abandoning module Sequencer (202)
[2018.08.28-01.41.17:931][957]LogModuleManager: Shutting down and abandoning module MessageLog (199)
[2018.08.28-01.41.17:931][957]LogModuleManager: Shutting down and abandoning module SlateReflector (194)
[2018.08.28-01.41.17:931][957]LogModuleManager: Shutting down and abandoning module Slate (192)
[2018.08.28-01.41.17:931][957]LogModuleManager: Shutting down and abandoning module EditorStyle (190)
[2018.08.28-01.41.17:933][957]LogModuleManager: Shutting down and abandoning module MRMesh (188)
[2018.08.28-01.41.17:933][957]LogModuleManager: Shutting down and abandoning module SourceCodeAccess (186)
[2018.08.28-01.41.17:933][957]LogModuleManager: Shutting down and abandoning module HeadMountedDisplay (184)
[2018.08.28-01.41.17:933][957]LogModuleManager: Shutting down and abandoning module XAudio2 (182)
[2018.08.28-01.41.17:933][957]LogModuleManager: Shutting down and abandoning module Networking (180)
[2018.08.28-01.41.17:933][957]LogModuleManager: Shutting down and abandoning module Core (178)
[2018.08.28-01.41.17:933][957]LogModuleManager: Shutting down and abandoning module LevelSequence (176)
[2018.08.28-01.41.17:933][957]LogModuleManager: Shutting down and abandoning module KismetCompiler (174)
[2018.08.28-01.41.17:933][957]LogModuleManager: Shutting down and abandoning module MeshUtilities (172)
[2018.08.28-01.41.17:933][957]LogModuleManager: Shutting down and abandoning module MeshMergeUtilities (171)
[2018.08.28-01.41.17:933][957]LogModuleManager: Shutting down and abandoning module MeshReductionInterface (170)
[2018.08.28-01.41.17:933][957]LogModuleManager: Shutting down and abandoning module SimplygonSwarm (169)
[2018.08.28-01.41.17:933][957]LogModuleManager: Shutting down and abandoning module SimplygonMeshReduction (167)
[2018.08.28-01.41.17:933][957]LogModuleManager: Shutting down and abandoning module QuadricMeshReduction (165)
[2018.08.28-01.41.17:933][957]LogModuleManager: Shutting down and abandoning module MaterialBaking (161)
[2018.08.28-01.41.17:933][957]LogModuleManager: Shutting down and abandoning module DirectoryWatcher (157)
[2018.08.28-01.41.17:939][957]LogModuleManager: Shutting down and abandoning module DerivedDataCache (154)
[2018.08.28-01.41.17:993][957]LogDerivedDataCache: Shutdown
[2018.08.28-01.41.17:993][957]LogModuleManager: Shutting down and abandoning module XGEController (152)
[2018.08.28-01.41.17:993][957]LogXGEController: Cleaning working directory: C:/Users/Inuya/AppData/Local/Temp/UnrealXGEWorkingDir/
[2018.08.28-01.41.17:993][957]LogModuleManager: Shutting down and abandoning module TargetPlatform (150)
[2018.08.28-01.41.17:994][957]LogModuleManager: Shutting down and abandoning module VulkanShaderFormat (149)
[2018.08.28-01.41.17:994][957]LogModuleManager: Shutting down and abandoning module ShaderFormatVectorVM (147)
[2018.08.28-01.41.17:994][957]LogModuleManager: Shutting down and abandoning module ShaderFormatOpenGL (145)
[2018.08.28-01.41.17:994][957]LogModuleManager: Shutting down and abandoning module ShaderFormatD3D (143)
[2018.08.28-01.41.17:994][957]LogModuleManager: Shutting down and abandoning module MetalShaderFormat (141)
[2018.08.28-01.41.17:994][957]LogModuleManager: Shutting down and abandoning module TextureFormatUncompressed (139)
[2018.08.28-01.41.17:994][957]LogModuleManager: Shutting down and abandoning module TextureFormatPVR (137)
[2018.08.28-01.41.17:994][957]LogModuleManager: Shutting down and abandoning module TextureFormatDXT (135)
[2018.08.28-01.41.17:994][957]LogModuleManager: Shutting down and abandoning module TextureFormatIntelISPCTexComp (133)
[2018.08.28-01.41.17:994][957]LogModuleManager: Shutting down and abandoning module TextureFormatASTC (131)
[2018.08.28-01.41.17:994][957]LogModuleManager: Shutting down and abandoning module ImageWrapper (130)
[2018.08.28-01.41.17:994][957]LogModuleManager: Shutting down and abandoning module TextureFormatAndroid (127)
[2018.08.28-01.41.17:994][957]LogModuleManager: Shutting down and abandoning module AudioFormatOpus (125)
[2018.08.28-01.41.17:994][957]LogModuleManager: Shutting down and abandoning module AudioFormatOgg (123)
[2018.08.28-01.41.17:994][957]LogModuleManager: Shutting down and abandoning module AudioFormatADPCM (121)
[2018.08.28-01.41.17:994][957]LogModuleManager: Shutting down and abandoning module LinuxTargetPlatform (119)
[2018.08.28-01.41.17:994][957]LogModuleManager: Shutting down and abandoning module LinuxServerTargetPlatform (117)
[2018.08.28-01.41.17:994][957]LogModuleManager: Shutting down and abandoning module LinuxNoEditorTargetPlatform (115)
[2018.08.28-01.41.17:994][957]LogModuleManager: Shutting down and abandoning module LinuxClientTargetPlatform (113)
[2018.08.28-01.41.17:994][957]LogModuleManager: Shutting down and abandoning module TVOSTargetPlatform (111)
[2018.08.28-01.41.17:994][957]LogModuleManager: Shutting down and abandoning module Messaging (109)
[2018.08.28-01.41.17:994][957]LogModuleManager: Shutting down and abandoning module IOSTargetPlatform (107)
[2018.08.28-01.41.17:994][957]LogModuleManager: Shutting down and abandoning module HTML5TargetPlatform (105)
[2018.08.28-01.41.17:994][957]LogModuleManager: Shutting down and abandoning module AndroidTargetPlatform (103)
[2018.08.28-01.41.17:995][957]LogModuleManager: Shutting down and abandoning module Android_PVRTCTargetPlatform (101)
[2018.08.28-01.41.17:995][957]LogModuleManager: Shutting down and abandoning module Android_MultiTargetPlatform (99)
[2018.08.28-01.41.17:995][957]LogModuleManager: Shutting down and abandoning module Android_ETC2TargetPlatform (97)
[2018.08.28-01.41.17:995][957]LogModuleManager: Shutting down and abandoning module Android_ETC1TargetPlatform (95)
[2018.08.28-01.41.17:995][957]LogModuleManager: Shutting down and abandoning module Android_ETC1aTargetPlatform (93)
[2018.08.28-01.41.17:995][957]LogModuleManager: Shutting down and abandoning module Android_DXTTargetPlatform (91)
[2018.08.28-01.41.17:995][957]LogModuleManager: Shutting down and abandoning module Android_ATCTargetPlatform (89)
[2018.08.28-01.41.17:995][957]LogModuleManager: Shutting down and abandoning module Android_ASTCTargetPlatform (87)
[2018.08.28-01.41.17:995][957]LogModuleManager: Shutting down and abandoning module WindowsTargetPlatform (85)
[2018.08.28-01.41.17:995][957]LogModuleManager: Shutting down and abandoning module WindowsServerTargetPlatform (83)
[2018.08.28-01.41.17:995][957]LogModuleManager: Shutting down and abandoning module WindowsNoEditorTargetPlatform (81)
[2018.08.28-01.41.17:995][957]LogModuleManager: Shutting down and abandoning module WindowsClientTargetPlatform (79)
[2018.08.28-01.41.17:995][957]LogModuleManager: Shutting down and abandoning module MacTargetPlatform (77)
[2018.08.28-01.41.17:995][957]LogModuleManager: Shutting down and abandoning module MacServerTargetPlatform (75)
[2018.08.28-01.41.17:995][957]LogModuleManager: Shutting down and abandoning module MacNoEditorTargetPlatform (73)
[2018.08.28-01.41.17:995][957]LogModuleManager: Shutting down and abandoning module MacClientTargetPlatform (71)
[2018.08.28-01.41.17:995][957]LogModuleManager: Shutting down and abandoning module AllDesktopTargetPlatform (69)
[2018.08.28-01.41.17:995][957]LogModuleManager: Shutting down and abandoning module InputCore (66)
[2018.08.28-01.41.17:995][957]LogModuleManager: Shutting down and abandoning module Settings (64)
[2018.08.28-01.41.17:995][957]LogModuleManager: Shutting down and abandoning module PhysXCooking (62)
[2018.08.28-01.41.17:995][957]LogModuleManager: Shutting down and abandoning module SteamVR (60)
[2018.08.28-01.41.17:995][957]LogModuleManager: Shutting down and abandoning module OculusHMD (58)
[2018.08.28-01.41.17:995][957]LogModuleManager: Shutting down and abandoning module ExampleDeviceProfileSelector (56)
[2018.08.28-01.41.17:995][957]LogModuleManager: Shutting down and abandoning module AppleARKit (54)
[2018.08.28-01.41.17:995][957]LogModuleManager: Shutting down and abandoning module AugmentedReality (51)
[2018.08.28-01.41.17:995][957]LogModuleManager: Shutting down and abandoning module OnlineBlueprintSupport (48)
[2018.08.28-01.41.17:995][957]LogModuleManager: Shutting down and abandoning module OnlineSubsystem (44)
[2018.08.28-01.41.17:995][957]LogModuleManager: Shutting down and abandoning module XMPP (43)
[2018.08.28-01.41.17:995][957]LogModuleManager: Shutting down and abandoning module HTTP (41)
[2018.08.28-01.41.17:995][957]LogHttp: Display: Http module shutting down, but needs to wait on 1 outstanding Http requests:
[2018.08.28-01.41.17:995][957]LogHttp: Display: 	verb=[POST] url=[https://datarouter.ol.epicgames.com/datarouter/api/v1/public/data?SessionID=%7B14D227F4-4447-9193-4EDE-7786FB568506%7D&AppID=UEEditor.Rocket.Release&AppVersion=4.19.2-4033788%2B%2B%2BUE4%2BRelease-4.19&UserID=3960c7c447d0bdb7984380afc58ff2da%7C04fc0469705444759d89c4ce2f4ff0ba%7Cf32c7836-4f99-4140-a032-efec515ef995&AppEnvironment=datacollector-binary&UploadType=eteventstream] status=Processing
[2018.08.28-01.41.17:997][957]LogModuleManager: Shutting down and abandoning module SSL (40)
[2018.08.28-01.41.17:999][957]LogModuleManager: Shutting down and abandoning module AnimationModifiers (36)
[2018.08.28-01.41.17:999][957]LogModuleManager: Shutting down and abandoning module PropertyEditor (35)
[2018.08.28-01.41.17:999][957]LogModuleManager: Shutting down and abandoning module AudioEditor (32)
[2018.08.28-01.41.17:999][957]LogModuleManager: Shutting down and abandoning module TextureCompressor (30)
[2018.08.28-01.41.17:999][957]LogModuleManager: Shutting down and abandoning module ShaderCore (28)
[2018.08.28-01.41.17:999][957]LogModuleManager: Shutting down and abandoning module Landscape (26)
[2018.08.28-01.41.17:999][957]LogModuleManager: Shutting down and abandoning module SlateRHIRenderer (24)
[2018.08.28-01.41.18:003][957]LogModuleManager: Shutting down and abandoning module OpenGLDrv (22)
[2018.08.28-01.41.18:003][957]LogModuleManager: Shutting down and abandoning module D3D11RHI (20)
[2018.08.28-01.41.18:004][957]LogModuleManager: Shutting down and abandoning module AnimGraphRuntime (18)
[2018.08.28-01.41.18:004][957]LogModuleManager: Shutting down and abandoning module Renderer (16)
[2018.08.28-01.41.18:004][957]LogModuleManager: Shutting down and abandoning module Engine (14)
[2018.08.28-01.41.18:004][957]LogModuleManager: Shutting down and abandoning module CoreUObject (12)
[2018.08.28-01.41.18:004][957]LogModuleManager: Shutting down and abandoning module NetworkFile (10)
[2018.08.28-01.41.18:004][957]LogModuleManager: Shutting down and abandoning module CookedIterativeFile (8)
[2018.08.28-01.41.18:004][957]LogModuleManager: Shutting down and abandoning module StreamingFile (6)
[2018.08.28-01.41.18:004][957]LogModuleManager: Shutting down and abandoning module SandboxFile (4)
[2018.08.28-01.41.18:004][957]LogModuleManager: Shutting down and abandoning module PakFile (2)
[2018.08.28-01.41.18:014][957]LogExit: Exiting.
[2018.08.28-01.41.18:027][957]Log file closed, 08/27/18 21:41:18
