Log file open, 08/28/18 18:05:16
LogWindows: Failed to load 'aqProf.dll' (GetLastError=126)
LogWindows: File 'aqProf.dll' does not exist
LogWindows: Failed to load 'VtuneApi.dll' (GetLastError=126)
LogWindows: File 'VtuneApi.dll' does not exist
LogWindows: Failed to load 'VtuneApi32e.dll' (GetLastError=126)
LogWindows: File 'VtuneApi32e.dll' does not exist
LogInit: Display: Running engine for game: Fears
LogPlatformFile: Not using cached read wrapper
LogInit: Display: RandInit(880868545) SRandInit(880868545).
LogInit: Read version file with build ID '3944462'
LogInit: Overriding engine version to CL 4033788, compatible CL 3944462
LogInit: Registered custom module enumerator with build ID '3944462'
LogTaskGraph: Started task graph with 5 named threads and 35 total threads with 3 sets of task threads.
LogStats: Stats thread started at 0.414628
LogD3D11RHI: Aftermath initialized
LogICUInternationalization: Display: ICU TimeZone Detection - Raw Offset: -5:00, Platform Override: ''
LogModuleManager: Display: Found up-to-date module file ../../../Engine/Plugins/2D/Paper2D/Binaries/Win64/UE4Editor-Paper2D.dll (API version 3944462).
LogModuleManager: Display: Found up-to-date module file ../../../Engine/Plugins/2D/Paper2D/Binaries/Win64/UE4Editor-Paper2DEditor.dll (API version 3944462).
LogModuleManager: Display: Found up-to-date module file ../../../Engine/Plugins/2D/Paper2D/Binaries/Win64/UE4Editor-PaperSpriteSheetImporter.dll (API version 3944462).
LogModuleManager: Display: Found up-to-date module file ../../../Engine/Plugins/2D/Paper2D/Binaries/Win64/UE4Editor-PaperTiledImporter.dll (API version 3944462).
LogModuleManager: Display: Found up-to-date module file ../../../Engine/Plugins/2D/Paper2D/Binaries/Win64/UE4Editor-SmartSnapping.dll (API version 3944462).
LogModuleManager: Display: Found up-to-date module file ../../../Engine/Plugins/Blendables/LightPropagationVolume/Binaries/Win64/UE4Editor-LightPropagationVolumeRuntime.dll (API version 3944462).
LogModuleManager: Display: Found up-to-date module file ../../../Engine/Plugins/Blendables/LightPropagationVolume/Binaries/Win64/UE4Editor-LightPropagationVolumeEditor.dll (API version 3944462).
LogModuleManager: Display: Found up-to-date module file ../../../Engine/Plugins/Developer/CLionSourceCodeAccess/Binaries/Win64/UE4Editor-CLionSourceCodeAccess.dll (API version 3944462).
LogModuleManager: Display: Found up-to-date module file ../../../Engine/Plugins/Developer/GitSourceControl/Binaries/Win64/UE4Editor-GitSourceControl.dll (API version 3944462).
LogModuleManager: Display: Found up-to-date module file ../../../Engine/Plugins/Developer/PerforceSourceControl/Binaries/Win64/UE4Editor-PerforceSourceControl.dll (API version 3944462).
LogModuleManager: Display: Found up-to-date module file ../../../Engine/Plugins/Developer/SubversionSourceControl/Binaries/Win64/UE4Editor-SubversionSourceControl.dll (API version 3944462).
LogModuleManager: Display: Found up-to-date module file ../../../Engine/Plugins/Developer/UObjectPlugin/Binaries/Win64/UE4Editor-UObjectPlugin.dll (API version 3944462).
LogModuleManager: Display: Found up-to-date module file ../../../Engine/Plugins/Developer/VisualStudioCodeSourceCodeAccess/Binaries/Win64/UE4Editor-VisualStudioCodeSourceCodeAccess.dll (API version 3944462).
LogModuleManager: Display: Found up-to-date module file ../../../Engine/Plugins/Developer/VisualStudioSourceCodeAccess/Binaries/Win64/UE4Editor-VisualStudioSourceCodeAccess.dll (API version 3944462).
LogModuleManager: Display: Found up-to-date module file ../../../Engine/Plugins/Editor/AssetManagerEditor/Binaries/Win64/UE4Editor-AssetManagerEditor.dll (API version 3944462).
LogModuleManager: Display: Found up-to-date module file ../../../Engine/Plugins/Editor/CryptoKeys/Binaries/Win64/UE4Editor-CryptoKeys.dll (API version 3944462).
LogModuleManager: Display: Found up-to-date module file ../../../Engine/Plugins/Editor/CryptoKeys/Binaries/Win64/UE4Editor-CryptoKeysOpenSSL.dll (API version 3944462).
LogModuleManager: Display: Found up-to-date module file ../../../Engine/Plugins/Editor/DataValidation/Binaries/Win64/UE4Editor-DataValidation.dll (API version 3944462).
LogModuleManager: Display: Found up-to-date module file ../../../Engine/Plugins/Editor/FacialAnimation/Binaries/Win64/UE4Editor-FacialAnimation.dll (API version 3944462).
LogModuleManager: Display: Found up-to-date module file ../../../Engine/Plugins/Editor/FacialAnimation/Binaries/Win64/UE4Editor-FacialAnimationEditor.dll (API version 3944462).
LogModuleManager: Display: Found up-to-date module file ../../../Engine/Plugins/Editor/GameplayTagsEditor/Binaries/Win64/UE4Editor-GameplayTagsEditor.dll (API version 3944462).
LogModuleManager: Display: Found up-to-date module file ../../../Engine/Plugins/Editor/MobileLauncherProfileWizard/Binaries/Win64/UE4Editor-MobileLauncherProfileWizard.dll (API version 3944462).
LogModuleManager: Display: Found up-to-date module file ../../../Engine/Plugins/Editor/PluginBrowser/Binaries/Win64/UE4Editor-PluginBrowser.dll (API version 3944462).
LogModuleManager: Display: Found up-to-date module file ../../../Engine/Plugins/Editor/SpeedTreeImporter/Binaries/Win64/UE4Editor-SpeedTreeImporter.dll (API version 3944462).
LogModuleManager: Display: Found up-to-date module file ../../../Engine/Plugins/Enterprise/DatasmithContent/Binaries/Win64/UE4Editor-DatasmithContent.dll (API version 3944462).
LogModuleManager: Display: Found up-to-date module file ../../../Engine/Plugins/Experimental/AlembicImporter/Binaries/Win64/UE4Editor-AlembicImporter.dll (API version 3944462).
LogModuleManager: Display: Found up-to-date module file ../../../Engine/Plugins/Experimental/AlembicImporter/Binaries/Win64/UE4Editor-AlembicLibrary.dll (API version 3944462).
LogModuleManager: Display: Found up-to-date module file ../../../Engine/Plugins/Experimental/CharacterAI/Binaries/Win64/UE4Editor-CharacterAI.dll (API version 3944462).
LogModuleManager: Display: Found up-to-date module file ../../../Engine/Plugins/Experimental/HTML5Networking/Binaries/Win64/UE4Editor-HTML5Networking.dll (API version 3944462).
LogModuleManager: Display: Found up-to-date module file ../../../Engine/Plugins/Media/AndroidMedia/Binaries/Win64/UE4Editor-AndroidMediaEditor.dll (API version 3944462).
LogModuleManager: Display: Found up-to-date module file ../../../Engine/Plugins/Media/AndroidMedia/Binaries/Win64/UE4Editor-AndroidMediaFactory.dll (API version 3944462).
LogModuleManager: Display: Found up-to-date module file ../../../Engine/Plugins/Media/AvfMedia/Binaries/Win64/UE4Editor-AvfMediaEditor.dll (API version 3944462).
LogModuleManager: Display: Found up-to-date module file ../../../Engine/Plugins/Media/AvfMedia/Binaries/Win64/UE4Editor-AvfMediaFactory.dll (API version 3944462).
LogModuleManager: Display: Found up-to-date module file ../../../Engine/Plugins/Media/AvfMedia/Binaries/Win64/UE4Editor-AvfMediaFactory.dll (API version 3944462).
LogModuleManager: Display: Found up-to-date module file ../../../Engine/Plugins/Media/ImgMedia/Binaries/Win64/UE4Editor-ImgMedia.dll (API version 3944462).
LogModuleManager: Display: Found up-to-date module file ../../../Engine/Plugins/Media/ImgMedia/Binaries/Win64/UE4Editor-ImgMediaEditor.dll (API version 3944462).
LogModuleManager: Display: Found up-to-date module file ../../../Engine/Plugins/Media/ImgMedia/Binaries/Win64/UE4Editor-ImgMediaFactory.dll (API version 3944462).
LogModuleManager: Display: Found up-to-date module file ../../../Engine/Plugins/Media/ImgMedia/Binaries/Win64/UE4Editor-ImgMediaFactory.dll (API version 3944462).
LogModuleManager: Display: Found up-to-date module file ../../../Engine/Plugins/Media/ImgMedia/Binaries/Win64/UE4Editor-OpenExrWrapper.dll (API version 3944462).
LogModuleManager: Display: Found up-to-date module file ../../../Engine/Plugins/Media/LinearTimecode/Binaries/Win64/UE4Editor-LinearTimecode.dll (API version 3944462).
LogModuleManager: Display: Found up-to-date module file ../../../Engine/Plugins/Media/MediaCompositing/Binaries/Win64/UE4Editor-MediaCompositing.dll (API version 3944462).
LogModuleManager: Display: Found up-to-date module file ../../../Engine/Plugins/Media/MediaCompositing/Binaries/Win64/UE4Editor-MediaCompositingEditor.dll (API version 3944462).
LogModuleManager: Display: Found up-to-date module file ../../../Engine/Plugins/Media/MediaPlayerEditor/Binaries/Win64/UE4Editor-MediaPlayerEditor.dll (API version 3944462).
LogModuleManager: Display: Found up-to-date module file ../../../Engine/Plugins/Media/WmfMedia/Binaries/Win64/UE4Editor-WmfMedia.dll (API version 3944462).
LogModuleManager: Display: Found up-to-date module file ../../../Engine/Plugins/Media/WmfMedia/Binaries/Win64/UE4Editor-WmfMediaEditor.dll (API version 3944462).
LogModuleManager: Display: Found up-to-date module file ../../../Engine/Plugins/Media/WmfMedia/Binaries/Win64/UE4Editor-WmfMediaFactory.dll (API version 3944462).
LogModuleManager: Display: Found up-to-date module file ../../../Engine/Plugins/Media/WmfMedia/Binaries/Win64/UE4Editor-WmfMediaFactory.dll (API version 3944462).
LogModuleManager: Display: Found up-to-date module file ../../../Engine/Plugins/Messaging/TcpMessaging/Binaries/Win64/UE4Editor-TcpMessaging.dll (API version 3944462).
LogModuleManager: Display: Found up-to-date module file ../../../Engine/Plugins/Messaging/UdpMessaging/Binaries/Win64/UE4Editor-UdpMessaging.dll (API version 3944462).
LogModuleManager: Display: Found up-to-date module file ../../../Engine/Plugins/MovieScene/ActorSequence/Binaries/Win64/UE4Editor-ActorSequence.dll (API version 3944462).
LogModuleManager: Display: Found up-to-date module file ../../../Engine/Plugins/MovieScene/LevelSequenceEditor/Binaries/Win64/UE4Editor-LevelSequenceEditor.dll (API version 3944462).
LogModuleManager: Display: Found up-to-date module file ../../../Engine/Plugins/MovieScene/MatineeToLevelSequence/Binaries/Win64/UE4Editor-MatineeToLevelSequence.dll (API version 3944462).
LogModuleManager: Display: Found up-to-date module file ../../../Engine/Plugins/NetcodeUnitTest/NetcodeUnitTest/Binaries/Win64/UE4Editor-NetcodeUnitTest.dll (API version 3944462).
LogModuleManager: Display: Found up-to-date module file ../../../Engine/Plugins/NetcodeUnitTest/NUTUnrealEngine4/Binaries/Win64/UE4Editor-NUTUnrealEngine4.dll (API version 3944462).
LogModuleManager: Display: Found up-to-date module file ../../../Engine/Plugins/Online/OnlineSubsystem/Binaries/Win64/UE4Editor-OnlineSubsystem.dll (API version 3944462).
LogModuleManager: Display: Found up-to-date module file ../../../Engine/Plugins/Runtime/AndroidPermission/Binaries/Win64/UE4Editor-AndroidPermission.dll (API version 3944462).
LogModuleManager: Display: Found up-to-date module file ../../../Engine/Plugins/Online/OnlineSubsystemNull/Binaries/Win64/UE4Editor-OnlineSubsystemNull.dll (API version 3944462).
LogModuleManager: Display: Found up-to-date module file ../../../Engine/Plugins/Online/OnlineSubsystemUtils/Binaries/Win64/UE4Editor-OnlineSubsystemUtils.dll (API version 3944462).
LogModuleManager: Display: Found up-to-date module file ../../../Engine/Plugins/Online/OnlineSubsystemUtils/Binaries/Win64/UE4Editor-OnlineBlueprintSupport.dll (API version 3944462).
LogModuleManager: Display: Found up-to-date module file ../../../Engine/Plugins/Runtime/AndroidDeviceProfileSelector/Binaries/Win64/UE4Editor-AndroidDeviceProfileSelector.dll (API version 3944462).
LogModuleManager: Display: Found up-to-date module file ../../../Engine/Plugins/Runtime/AppleARKit/Binaries/Win64/UE4Editor-AppleARKit.dll (API version 3944462).
LogModuleManager: Display: Found up-to-date module file ../../../Engine/Plugins/Runtime/ProceduralMeshComponent/Binaries/Win64/UE4Editor-ProceduralMeshComponent.dll (API version 3944462).
LogModuleManager: Display: Found up-to-date module file ../../../Engine/Plugins/Runtime/ProceduralMeshComponent/Binaries/Win64/UE4Editor-ProceduralMeshComponentEditor.dll (API version 3944462).
LogModuleManager: Display: Found up-to-date module file ../../../Engine/Plugins/Animation/LiveLink/Binaries/Win64/UE4Editor-LiveLink.dll (API version 3944462).
LogModuleManager: Display: Found up-to-date module file ../../../Engine/Plugins/Animation/LiveLink/Binaries/Win64/UE4Editor-LiveLinkEditor.dll (API version 3944462).
LogModuleManager: Display: Found up-to-date module file ../../../Engine/Plugins/Runtime/ArchVisCharacter/Binaries/Win64/UE4Editor-ArchVisCharacter.dll (API version 3944462).
LogModuleManager: Display: Found up-to-date module file ../../../Engine/Plugins/Runtime/AudioCapture/Binaries/Win64/UE4Editor-AudioCapture.dll (API version 3944462).
LogModuleManager: Display: Found up-to-date module file ../../../Engine/Plugins/Runtime/AudioCapture/Binaries/Win64/UE4Editor-AudioCaptureEditor.dll (API version 3944462).
LogModuleManager: Display: Found up-to-date module file ../../../Engine/Plugins/Runtime/CableComponent/Binaries/Win64/UE4Editor-CableComponent.dll (API version 3944462).
LogModuleManager: Display: Found up-to-date module file ../../../Engine/Plugins/Runtime/CustomMeshComponent/Binaries/Win64/UE4Editor-CustomMeshComponent.dll (API version 3944462).
LogModuleManager: Display: Found up-to-date module file ../../../Engine/Plugins/Runtime/ExampleDeviceProfileSelector/Binaries/Win64/UE4Editor-ExampleDeviceProfileSelector.dll (API version 3944462).
LogModuleManager: Display: Found up-to-date module file ../../../Engine/Plugins/Runtime/ImmediatePhysics/Binaries/Win64/UE4Editor-ImmediatePhysics.dll (API version 3944462).
LogModuleManager: Display: Found up-to-date module file ../../../Engine/Plugins/Runtime/ImmediatePhysics/Binaries/Win64/UE4Editor-ImmediatePhysicsEditor.dll (API version 3944462).
LogModuleManager: Display: Found up-to-date module file ../../../Engine/Plugins/Runtime/LocationServicesBPLibrary/Binaries/Win64/UE4Editor-LocationServicesBPLibrary.dll (API version 3944462).
LogModuleManager: Display: Found up-to-date module file ../../../Engine/Plugins/Runtime/MobilePatchingUtils/Binaries/Win64/UE4Editor-MobilePatchingUtils.dll (API version 3944462).
LogModuleManager: Display: Found up-to-date module file ../../../Engine/Plugins/Runtime/Oculus/OculusVR/Binaries/Win64/UE4Editor-OculusHMD.dll (API version 3944462).
LogModuleManager: Display: Found up-to-date module file ../../../Engine/Plugins/Runtime/Oculus/OculusVR/Binaries/Win64/UE4Editor-OculusInput.dll (API version 3944462).
LogModuleManager: Display: Found up-to-date module file ../../../Engine/Plugins/Runtime/Oculus/OculusVR/Binaries/Win64/UE4Editor-OculusEditor.dll (API version 3944462).
LogModuleManager: Display: Found up-to-date module file ../../../Engine/Plugins/Runtime/PhysXVehicles/Binaries/Win64/UE4Editor-PhysXVehicles.dll (API version 3944462).
LogModuleManager: Display: Found up-to-date module file ../../../Engine/Plugins/Runtime/PhysXVehicles/Binaries/Win64/UE4Editor-PhysXVehiclesEditor.dll (API version 3944462).
LogModuleManager: Display: Found up-to-date module file ../../../Engine/Plugins/Runtime/RuntimePhysXCooking/Binaries/Win64/UE4Editor-RuntimePhysXCooking.dll (API version 3944462).
LogModuleManager: Display: Found up-to-date module file ../../../Engine/Plugins/Runtime/Steam/SteamVR/Binaries/Win64/UE4Editor-SteamVR.dll (API version 3944462).
LogModuleManager: Display: Found up-to-date module file ../../../Engine/Plugins/Runtime/Steam/SteamVR/Binaries/Win64/UE4Editor-SteamVRController.dll (API version 3944462).
LogModuleManager: Display: Found up-to-date module file ../../../Engine/Plugins/Runtime/WindowsMoviePlayer/Binaries/Win64/UE4Editor-WindowsMoviePlayer.dll (API version 3944462).
LogPluginManager: Mounting plugin Paper2D
LogPluginManager: Mounting plugin LiveLink
LogPluginManager: Mounting plugin LightPropagationVolume
LogPluginManager: Mounting plugin CLionSourceCodeAccess
LogPluginManager: Mounting plugin CodeLiteSourceCodeAccess
LogPluginManager: Mounting plugin GitSourceControl
LogPluginManager: Mounting plugin KDevelopSourceCodeAccess
LogPluginManager: Mounting plugin NullSourceCodeAccess
LogPluginManager: Mounting plugin PerforceSourceControl
LogPluginManager: Mounting plugin SubversionSourceControl
LogPluginManager: Mounting plugin UObjectPlugin
LogPluginManager: Mounting plugin VisualStudioCodeSourceCodeAccess
LogPluginManager: Mounting plugin VisualStudioSourceCodeAccess
LogPluginManager: Mounting plugin XCodeSourceCodeAccess
LogPluginManager: Mounting plugin AssetManagerEditor
LogPluginManager: Mounting plugin CryptoKeys
LogPluginManager: Mounting plugin DataValidation
LogPluginManager: Mounting plugin FacialAnimation
LogPluginManager: Mounting plugin GameplayTagsEditor
LogPluginManager: Mounting plugin MobileLauncherProfileWizard
LogPluginManager: Mounting plugin PluginBrowser
LogPluginManager: Mounting plugin SpeedTreeImporter
LogPluginManager: Mounting plugin DatasmithContent
LogPluginManager: Mounting plugin AlembicImporter
LogPluginManager: Mounting plugin CharacterAI
LogPluginManager: Mounting plugin HTML5Networking
LogPluginManager: Mounting plugin AndroidMedia
LogPluginManager: Mounting plugin AvfMedia
LogPluginManager: Mounting plugin ImgMedia
LogPluginManager: Mounting plugin LinearTimecode
LogPluginManager: Mounting plugin MediaCompositing
LogPluginManager: Mounting plugin MediaPlayerEditor
LogPluginManager: Mounting plugin WmfMedia
LogPluginManager: Mounting plugin TcpMessaging
LogPluginManager: Mounting plugin UdpMessaging
LogPluginManager: Mounting plugin ActorSequence
LogPluginManager: Mounting plugin LevelSequenceEditor
LogPluginManager: Mounting plugin MatineeToLevelSequence
LogPluginManager: Mounting plugin NetcodeUnitTest
LogPluginManager: Mounting plugin NUTUnrealEngine4
LogPluginManager: Mounting plugin OnlineSubsystemGooglePlay
LogPluginManager: Mounting plugin OnlineSubsystemIOS
LogPluginManager: Mounting plugin OnlineSubsystem
LogPluginManager: Mounting plugin OnlineSubsystemNull
LogPluginManager: Mounting plugin OnlineSubsystemUtils
LogPluginManager: Mounting plugin AndroidDeviceProfileSelector
LogPluginManager: Mounting plugin AndroidMoviePlayer
LogPluginManager: Mounting plugin AndroidPermission
LogPluginManager: Mounting plugin AppleARKit
LogPluginManager: Mounting plugin AppleMoviePlayer
LogPluginManager: Mounting plugin ArchVisCharacter
LogPluginManager: Mounting plugin AudioCapture
LogPluginManager: Mounting plugin CableComponent
LogPluginManager: Mounting plugin CustomMeshComponent
LogPluginManager: Mounting plugin ExampleDeviceProfileSelector
LogPluginManager: Mounting plugin GoogleCloudMessaging
LogPluginManager: Mounting plugin ImmediatePhysics
LogPluginManager: Mounting plugin IOSDeviceProfileSelector
LogPluginManager: Mounting plugin LinuxDeviceProfileSelector
LogPluginManager: Mounting plugin LocationServicesBPLibrary
LogPluginManager: Mounting plugin MobilePatchingUtils
LogPluginManager: Mounting plugin OculusVR
LogPluginManager: Plugin shader directory ../../../Engine/Plugins/Runtime/Oculus/OculusVR/Shaders found
LogPluginManager: Mapping shader source directory ../../../Engine/Plugins/Runtime/Oculus/OculusVR/Shaders to virtual directory /Plugin/OculusVR
LogPluginManager: Mounting plugin PhysXVehicles
LogPluginManager: Mounting plugin ProceduralMeshComponent
LogPluginManager: Mounting plugin RuntimePhysXCooking
LogPluginManager: Mounting plugin SteamVR
LogPluginManager: Mounting plugin WindowsMoviePlayer
LogStreaming: Display: Took  1.493s to configure plugins.
LogInit: Using libcurl 7.47.1
LogInit:  - built for x86_64-pc-win32
LogInit:  - supports SSL with OpenSSL/1.0.2g
LogInit:  - supports HTTP deflate (compression) using libz 1.2.8
LogInit:  - other features:
LogInit:      CURL_VERSION_SSL
LogInit:      CURL_VERSION_LIBZ
LogInit:      CURL_VERSION_IPV6
LogInit:      CURL_VERSION_ASYNCHDNS
LogInit:      CURL_VERSION_LARGEFILE
LogInit:      CURL_VERSION_IDN
LogInit:  CurlRequestOptions (configurable via config and command line):
LogInit:  - bVerifyPeer = false  - Libcurl will NOT verify peer certificate
LogInit:  - bUseHttpProxy = false  - Libcurl will NOT use HTTP proxy
LogInit:  - bDontReuseConnections = false  - Libcurl will reuse connections
LogInit:  - CertBundlePath = nullptr  - Libcurl will use whatever was configured at build time.
LogInit:  - MaxHostConnections = 16  - Libcurl will limit the number of connections to a host
LogInit:  - LocalHostAddr = Default
LogInit: WinSock: version 1.1 (2.2), MaxSocks=32767, MaxUdp=65467
LogInit: WinSock: I am Diep-Alien (10.6.110.18:0)
LogInit: Build: ++UE4+Release-4.19-CL-4033788
LogInit: Engine Version: 4.19.2-4033788+++UE4+Release-4.19
LogInit: Compatible Engine Version: 4.19.0-3944462+++UE4+Release-4.19
LogInit: Net CL: 3944462
LogDevObjectVersion: Number of dev versions registered: 18
LogDevObjectVersion:   Dev-Blueprints (B0D832E4-1F89-4F0D-ACCF-7EB736FD4AA2): 10
LogDevObjectVersion:   Dev-Build (E1C64328-A22C-4D53-A36C-8E866417BD8C): 0
LogDevObjectVersion:   Dev-Core (375EC13C-06E4-48FB-B500-84F0262A717E): 2
LogDevObjectVersion:   Dev-Editor (E4B068ED-F494-42E9-A231-DA0B2E46BB41): 23
LogDevObjectVersion:   Dev-Framework (CFFC743F-43B0-4480-9391-14DF171D2073): 33
LogDevObjectVersion:   Dev-Mobile (B02B49B5-BB20-44E9-A304-32B752E40360): 2
LogDevObjectVersion:   Dev-Networking (A4E4105C-59A1-49B5-A7C5-40C4547EDFEE): 0
LogDevObjectVersion:   Dev-Online (39C831C9-5AE6-47DC-9A44-9C173E1C8E7C): 0
LogDevObjectVersion:   Dev-Physics (78F01B33-EBEA-4F98-B9B4-84EACCB95AA2): 0
LogDevObjectVersion:   Dev-Platform (6631380F-2D4D-43E0-8009-CF276956A95A): 0
LogDevObjectVersion:   Dev-Rendering (12F88B9F-8875-4AFC-A67C-D90C383ABD29): 25
LogDevObjectVersion:   Dev-Sequencer (7B5AE74C-D270-4C10-A958-57980B212A5A): 6
LogDevObjectVersion:   Dev-VR (D7296918-1DD6-4BDD-9DE2-64A83CC13884): 1
LogDevObjectVersion:   Dev-LoadTimes (C2A15278-BFE7-4AFE-6C17-90FF531DF755): 1
LogDevObjectVersion:   Private-Geometry (6EACA3D4-40EC-4CC1-B786-8BED09428FC5): 2
LogDevObjectVersion:   Dev-AnimPhys (29E575DD-E0A3-4627-9D10-D276232CDCEA): 16
LogDevObjectVersion:   Dev-ReflectionCapture (6B266CEC-1EC7-4B8F-A30B-E4D90942FC07): 1
LogDevObjectVersion:   Dev-Automation (0DF73D61-A23F-47EA-B727-89E90C41499A): 1
LogInit: Compiled (64-bit): Apr 27 2018 02:06:57
LogInit: Compiled with Visual C++: 19.00.24215.01
LogInit: Build Configuration: Development
LogInit: Branch Name: ++UE4+Release-4.19
LogInit: Command Line: -EpicPortal 
LogInit: Base Directory: D:/UE_4.19/Engine/Binaries/Win64/
LogInit: Installed Engine Build: 1
LogStreaming: Display: Took  0.000s to delete old logs.
LogInit: Presizing for max 8388607 objects, including 0 objects not considered by GC, pre-allocating 0 bytes for permanent pool.
LogInit: Object subsystem initialized
[2018.08.28-22.05.18:612][  0]LogInit: Selected Device Profile: [Windows]
[2018.08.28-22.05.18:612][  0]LogInit: Applying CVar settings loaded from the selected device profile: [Windows]
[2018.08.28-22.05.18:647][  0]LogInit: Computer: DIEP-ALIEN
[2018.08.28-22.05.18:647][  0]LogInit: User: Diep
[2018.08.28-22.05.18:647][  0]LogInit: CPU Page size=4096, Cores=6
[2018.08.28-22.05.18:647][  0]LogInit: High frequency timer resolution =2.156252 MHz
[2018.08.28-22.05.18:648][  0]LogMemory: Memory total: Physical=15.9GB (16GB approx)
[2018.08.28-22.05.18:648][  0]LogMemory: Platform Memory Stats for Windows
[2018.08.28-22.05.18:648][  0]LogMemory: Process Physical Memory: 274.13 MB used, 274.13 MB peak
[2018.08.28-22.05.18:648][  0]LogMemory: Process Virtual Memory: 271.46 MB used, 271.46 MB peak
[2018.08.28-22.05.18:648][  0]LogMemory: Physical Memory: 7357.36 MB used,  8885.51 MB free, 16242.87 MB total
[2018.08.28-22.05.18:648][  0]LogMemory: Virtual Memory: 4811.13 MB used,  8885.51 MB free, 134217728.00 MB total
[2018.08.28-22.05.18:672][  0]LogInit: Using OS detected language (en-US).
[2018.08.28-22.05.18:672][  0]LogInit: Using OS detected locale (en-CA).
[2018.08.28-22.05.18:677][  0]LogTextLocalizationManager: No specific localization for 'en-US' exists, so the 'en' localization will be used.
[2018.08.28-22.05.19:200][  0]LogStreaming: Display: Took  0.528s to EndInitTextLocalization.
[2018.08.28-22.05.19:201][  0]LogInit: Setting process to per monitor DPI aware
[2018.08.28-22.05.19:237][  0]LogSlate: New Slate User Created.  User Index 0, Is Virtual User: 0
[2018.08.28-22.05.19:237][  0]LogSlate: Slate User Registered.  User Index 0, Is Virtual User: 0
[2018.08.28-22.05.19:448][  0]LogD3D11RHI: D3D11 adapters:
[2018.08.28-22.05.19:526][  0]LogD3D11RHI:    0. 'NVIDIA GeForce GTX 1060' (Feature Level 11_0)
[2018.08.28-22.05.19:526][  0]LogD3D11RHI:       6052/0/8121 MB DedicatedVideo/DedicatedSystem/SharedSystem, Outputs:1, VendorId:0x10de
[2018.08.28-22.05.19:554][  0]LogD3D11RHI:    1. 'Intel(R) UHD Graphics 630' (Feature Level 11_0)
[2018.08.28-22.05.19:554][  0]LogD3D11RHI:       128/0/8121 MB DedicatedVideo/DedicatedSystem/SharedSystem, Outputs:0, VendorId:0x8086
[2018.08.28-22.05.19:557][  0]LogD3D11RHI:    2. 'Microsoft Basic Render Driver' (Feature Level 11_0)
[2018.08.28-22.05.19:557][  0]LogD3D11RHI:       0/0/8121 MB DedicatedVideo/DedicatedSystem/SharedSystem, Outputs:0, VendorId:0x1414
[2018.08.28-22.05.19:557][  0]LogD3D11RHI: Chosen D3D11 Adapter: 0
[2018.08.28-22.05.19:567][  0]LogD3D11RHI: Creating new Direct3DDevice
[2018.08.28-22.05.19:568][  0]LogD3D11RHI:     GPU DeviceId: 0x1c60 (for the marketing name, search the web for "GPU Device Id")
[2018.08.28-22.05.19:568][  0]LogWindows: EnumDisplayDevices:
[2018.08.28-22.05.19:568][  0]LogWindows:    0. 'NVIDIA GeForce GTX 1060' (P:1 D:1)
[2018.08.28-22.05.19:568][  0]LogWindows:    1. 'NVIDIA GeForce GTX 1060' (P:0 D:0)
[2018.08.28-22.05.19:568][  0]LogWindows:    2. 'NVIDIA GeForce GTX 1060' (P:0 D:0)
[2018.08.28-22.05.19:568][  0]LogWindows:    3. 'NVIDIA GeForce GTX 1060' (P:0 D:0)
[2018.08.28-22.05.19:569][  0]LogWindows:    4. 'Intel(R) UHD Graphics 630' (P:0 D:0)
[2018.08.28-22.05.19:569][  0]LogWindows:    5. 'Intel(R) UHD Graphics 630' (P:0 D:0)
[2018.08.28-22.05.19:570][  0]LogWindows:    6. 'Intel(R) UHD Graphics 630' (P:0 D:0)
[2018.08.28-22.05.19:570][  0]LogWindows: DebugString: GetVideoDriverDetailsInvalid PrimaryIsNotTheChoosenAdapter GetVideoDriverDetailsInvalid PrimaryIsNotTheChoosenAdapter GetVideoDriverDetailsInvalid PrimaryIsNotTheChoosenAdapter GetVideoDriverDetailsInvalid PrimaryIsNotTheChoosenAdapter GetVideoDriverDetailsInvalid PrimaryIsNotTheChoosenAdapter GetVideoDriverDetailsInvalid PrimaryIsNotTheChoosenAdapter GetVideoDriverDetailsInvalid PrimaryIsNotTheChoosenAdapter FoundDriverCount:0 
[2018.08.28-22.05.19:570][  0]LogD3D11RHI:     Adapter Name: NVIDIA GeForce GTX 1060
[2018.08.28-22.05.19:570][  0]LogD3D11RHI:   Driver Version: Unknown (internal:Unknown, unified:Unknown)
[2018.08.28-22.05.19:570][  0]LogD3D11RHI:      Driver Date: Unknown
[2018.08.28-22.05.19:570][  0]LogRHI: Texture pool is 4236 MB (70% of 6052 MB)
[2018.08.28-22.05.19:642][  0]LogD3D11RHI: [Aftermath] Aftermath enabled and primed
[2018.08.28-22.05.19:642][  0]LogD3D11RHI: [Aftermath] Aftermath enabled and primed
[2018.08.28-22.05.19:642][  0]LogD3D11RHI: Async texture creation enabled
[2018.08.28-22.05.19:663][  0]LogD3D11RHI: GPU Timing Frequency: 1000.000000 (Debug: 2 2)
[2018.08.28-22.05.19:712][  0]LogShaderCompilers: Guid format shader working directory is 12 characters bigger than the processId version (../../../../GameDev/UE4/FearTrial/Intermediate/Shaders/WorkingDirectory/16964/).
[2018.08.28-22.05.19:712][  0]LogShaderCompilers: Cleaned the shader compiler working directory 'C:/Users/Inuya/AppData/Local/Temp/UnrealShaderWorkingDir/40DB0B764F447E31A68B94826DBA7E4C/'.
[2018.08.28-22.05.19:977][  0]LogTemp: Display: Loaded TP AllDesktopTargetPlatform
[2018.08.28-22.05.19:992][  0]LogTemp: Display: Loaded TP MacClientTargetPlatform
[2018.08.28-22.05.20:005][  0]LogTemp: Display: Loaded TP MacNoEditorTargetPlatform
[2018.08.28-22.05.20:018][  0]LogTemp: Display: Loaded TP MacServerTargetPlatform
[2018.08.28-22.05.20:032][  0]LogTemp: Display: Loaded TP MacTargetPlatform
[2018.08.28-22.05.20:045][  0]LogTemp: Display: Loaded TP WindowsClientTargetPlatform
[2018.08.28-22.05.20:059][  0]LogTemp: Display: Loaded TP WindowsNoEditorTargetPlatform
[2018.08.28-22.05.20:072][  0]LogTemp: Display: Loaded TP WindowsServerTargetPlatform
[2018.08.28-22.05.20:078][  0]LogTemp: Display: Loaded TP WindowsTargetPlatform
[2018.08.28-22.05.20:090][  0]LogTemp: Display: Loaded TP Android_ASTCTargetPlatform
[2018.08.28-22.05.20:102][  0]LogTemp: Display: Loaded TP Android_ATCTargetPlatform
[2018.08.28-22.05.20:114][  0]LogTemp: Display: Loaded TP Android_DXTTargetPlatform
[2018.08.28-22.05.20:126][  0]LogTemp: Display: Loaded TP Android_ETC1aTargetPlatform
[2018.08.28-22.05.20:138][  0]LogTemp: Display: Loaded TP Android_ETC1TargetPlatform
[2018.08.28-22.05.20:150][  0]LogTemp: Display: Loaded TP Android_ETC2TargetPlatform
[2018.08.28-22.05.20:174][  0]LogTemp: Display: Loaded TP Android_MultiTargetPlatform
[2018.08.28-22.05.20:174][  0]LogTemp: Display: Loaded TP Android_PVRTCTargetPlatform
[2018.08.28-22.05.20:186][  0]LogTemp: Display: Loaded TP AndroidTargetPlatform
[2018.08.28-22.05.20:187][  0]LogTemp: Display: Loaded TP HTML5TargetPlatform
[2018.08.28-22.05.20:224][  0]LogTemp: Display: Loaded TP IOSTargetPlatform
[2018.08.28-22.05.20:237][  0]LogTemp: Display: Loaded TP TVOSTargetPlatform
[2018.08.28-22.05.20:251][  0]LogTemp: Display: Loaded TP LinuxClientTargetPlatform
[2018.08.28-22.05.20:269][  0]LogTemp: Display: Loaded TP LinuxNoEditorTargetPlatform
[2018.08.28-22.05.20:286][  0]LogTemp: Display: Loaded TP LinuxServerTargetPlatform
[2018.08.28-22.05.20:308][  0]LogTemp: Display: Loaded TP LinuxTargetPlatform
[2018.08.28-22.05.20:308][  0]LogTargetPlatformManager: Display: Building Assets For Windows
[2018.08.28-22.05.20:406][  0]LogXGEController: Cannot use XGE Controller as Incredibuild is not installed on this machine.
[2018.08.28-22.05.20:406][  0]LogShaderCompilers: Cannot use XGE Shader Compiler as Incredibuild is not installed on this machine.
[2018.08.28-22.05.20:406][  0]LogShaderCompilers: Display: Using Local Shader Compiler.
[2018.08.28-22.05.21:108][  0]LogDerivedDataCache: Display: Max Cache Size: 512 MB
[2018.08.28-22.05.21:182][  0]LogDerivedDataCache: Loaded boot cache 0.07s 74MB C:/Users/Inuya/AppData/Local/UnrealEngine/4.19/DerivedDataCache/Boot.ddc.
[2018.08.28-22.05.21:182][  0]LogDerivedDataCache: Display: Loaded Boot cache: C:/Users/Inuya/AppData/Local/UnrealEngine/4.19/DerivedDataCache/Boot.ddc
[2018.08.28-22.05.21:182][  0]LogDerivedDataCache: FDerivedDataBackendGraph:  Pak pak cache file ../../../../GameDev/UE4/FearTrial/DerivedDataCache/DDC.ddp not found, will not use a pak cache.
[2018.08.28-22.05.21:182][  0]LogDerivedDataCache: Unable to find inner node Pak for hierarchical cache Hierarchy.
[2018.08.28-22.05.21:182][  0]LogDerivedDataCache: FDerivedDataBackendGraph:  CompressedPak pak cache file ../../../../GameDev/UE4/FearTrial/DerivedDataCache/Compressed.ddp not found, will not use a pak cache.
[2018.08.28-22.05.21:182][  0]LogDerivedDataCache: Unable to find inner node CompressedPak for hierarchical cache Hierarchy.
[2018.08.28-22.05.21:200][  0]LogDerivedDataCache: Display: Pak cache opened for reading ../../../Engine/DerivedDataCache/Compressed.ddp.
[2018.08.28-22.05.21:212][  0]LogDerivedDataCache: Using Local data cache path C:/Users/Inuya/AppData/Local/UnrealEngine/Common/DerivedDataCache: Writable
[2018.08.28-22.05.21:212][  0]LogDerivedDataCache: Shared data cache path not found in *engine.ini, will not use an Shared cache.
[2018.08.28-22.05.21:212][  0]LogDerivedDataCache: Unable to find inner node Shared for hierarchical cache Hierarchy.
[2018.08.28-22.05.21:238][  0]LogMaterial: Verifying Global Shaders for PCD3D_SM5
[2018.08.28-22.05.21:238][  0]LogSlate: Using Freetype 2.6.0
[2018.08.28-22.05.21:240][  0]LogSlate: SlateFontCache - WITH_FREETYPE: 1, WITH_HARFBUZZ: 1
[2018.08.28-22.05.21:240][  0]LogSlate: SlateFontCache - WITH_FREETYPE: 1, WITH_HARFBUZZ: 1
[2018.08.28-22.05.21:433][  0]LogAssetRegistry: FAssetRegistry took 0.0264 seconds to start up
[2018.08.28-22.05.21:743][  0]LogInit: Selected Device Profile: [Windows]
[2018.08.28-22.05.21:899][  0]LogSimplygon: Simplygon DLL not present - disabling.
[2018.08.28-22.05.21:900][  0]LogMeshReduction: Using SimplygonSwarm for distributed automatic mesh merging
[2018.08.28-22.05.21:900][  0]LogMeshReduction: Using QuadricMeshReduction for automatic static mesh reduction
[2018.08.28-22.05.21:900][  0]LogMeshReduction: No automatic skeletal mesh reduction module available
[2018.08.28-22.05.21:900][  0]LogMeshReduction: No automatic mesh merging module available
[2018.08.28-22.05.21:900][  0]LogMeshMerging: No automatic mesh merging module available
[2018.08.28-22.05.21:940][  0]LogNetVersion: Fears , NetCL: 3944462, EngineNetVer: 2, GameNetVer: 0 (Checksum: 949684406)
[2018.08.28-22.05.22:846][  0]LogPackageLocalizationCache: Processed 9 localized package path(s) for 2 prioritized culture(s) in 0.262486 seconds
[2018.08.28-22.05.22:863][  0]LogUObjectArray: 36728 objects as part of root set at end of initial load.
[2018.08.28-22.05.22:863][  0]LogUObjectAllocator: 7314312 out of 0 bytes used by permanent object pool.
[2018.08.28-22.05.22:864][  0]LogUObjectArray: CloseDisregardForGC: 0/0 objects in disregard for GC pool
[2018.08.28-22.05.25:245][  0]LogTcpMessaging: Initializing TcpMessaging bridge
[2018.08.28-22.05.25:278][  0]LogUdpMessaging: Initializing bridge on interface 0.0.0.0:0 to multicast group 230.0.0.1:6666.
[2018.08.28-22.05.25:710][  0]SourceControl: Source control is disabled
[2018.08.28-22.05.25:710][  0]SourceControl: Source control is disabled
[2018.08.28-22.05.25:726][  0]SourceControl: Source control is disabled
[2018.08.28-22.05.25:743][  0]SourceControl: Source control is disabled
[2018.08.28-22.05.26:301][  0]LogAndroidPermission: UAndroidPermissionCallbackProxy::GetInstance
[2018.08.28-22.05.26:440][  0]LogOcInput: OculusInput pre-init called
[2018.08.28-22.05.26:554][  0]LogEngine: Initializing Engine...
[2018.08.28-22.05.26:556][  0]LogHMD: Failed to initialize OpenVR with code 110
[2018.08.28-22.05.26:557][  0]LogStats: UGameplayTagsManager::ConstructGameplayTagTree: Construct from data asset -  0.000 s
[2018.08.28-22.05.26:557][  0]LogStats: UGameplayTagsManager::ConstructGameplayTagTree: GameplayTagTreeChangedEvent.Broadcast -  0.000 s
[2018.08.28-22.05.26:851][  0]LogAIModule: Creating AISystem for world Untitled
[2018.08.28-22.05.26:925][  0]LogInit: XAudio2 using 'Speakers/Headphones (Realtek Audio)' : 2 channels at 48 kHz using 32 bits per sample (channel mask 0x3)
[2018.08.28-22.05.27:277][  0]LogInit: FAudioDevice initialized.
[2018.08.28-22.05.27:475][  0]LogDerivedDataCache: Saved boot cache 0.20s 74MB C:/Users/Inuya/AppData/Local/UnrealEngine/4.19/DerivedDataCache/Boot.ddc.
[2018.08.28-22.05.27:525][  0]LogInit: Texture streaming: Enabled
[2018.08.28-22.05.27:574][  0]LogEngineSessionManager: EngineSessionManager initialized
[2018.08.28-22.05.27:614][  0]LogInit: Transaction tracking system initialized
[2018.08.28-22.05.27:634][  0]BlueprintLog: New page: Editor Load
[2018.08.28-22.05.27:721][  0]LocalizationService: Localization service is disabled
[2018.08.28-22.05.27:803][  0]LogLinker: Warning: Can't find file '/Game/2DSideScrollerBP/2DSideScrollerOverview'
[2018.08.28-22.05.27:804][  0]LogLinker: Warning: Can't find file '/Game/2DSideScrollerBP/2DSideScrollerOverview'
[2018.08.28-22.05.27:804][  0]LogUObjectGlobals: Warning: Failed to find object 'Class /Game/2DSideScrollerBP/2DSideScrollerOverview.2DSideScrollerOverview_C'
[2018.08.28-22.05.27:830][  0]LogConsoleResponse: Display: 
[2018.08.28-22.05.28:140][  0]LogCook: Display: Max memory allowance for cook 16384mb min free memory 0mb
[2018.08.28-22.05.28:140][  0]LogCook: Display: Mobile HDR setting 1
[2018.08.28-22.05.28:140][  0]LogGameplayTags: Display: UGameplayTagsManager::DoneAddingNativeTags. DelegateIsBound: 0
[2018.08.28-22.05.28:140][  0]LogStats: UGameplayTagsManager::ConstructGameplayTagTree: Construct from data asset -  0.000 s
[2018.08.28-22.05.28:140][  0]LogStats: UGameplayTagsManager::ConstructGameplayTagTree: GameplayTagTreeChangedEvent.Broadcast -  0.000 s
[2018.08.28-22.05.28:525][  0]LogFileCache: Scanning file cache for directory 'D:/GameDev/UE4/FearTrial/Content/' took 0.02s
[2018.08.28-22.05.28:526][  0]SourceControl: Source control is disabled
[2018.08.28-22.05.28:526][  0]Cmd: MAP LOAD FILE="../../../../GameDev/UE4/FearTrial/Content/ThirdPersonBP/Maps/ThirdPersonExampleMap.umap" TEMPLATE=0 SHOWPROGRESS=1 FEATURELEVEL=3
[2018.08.28-22.05.28:526][  0]LightingResults: New page: Lighting Build
[2018.08.28-22.05.28:531][  0]MapCheck: New page: Map Check
[2018.08.28-22.05.28:531][  0]LightingResults: New page: Lighting Build
[2018.08.28-22.05.29:694][  0]LogUObjectGlobals: Created PersistentFrame Addr=0x0000021c4be15bc0, Size=64, Default__ThirdPerson_AnimBP_C Function /Game/Mannequin/Animations/ThirdPerson_AnimBP.ThirdPerson_AnimBP_C:ExecuteUbergraph_ThirdPerson_AnimBP
[2018.08.28-22.05.30:712][  0]LogUObjectGlobals: Destroyed PersistentFrame Addr=0x0000021c4be15bc0, Size=64
[2018.08.28-22.05.30:712][  0]LogUObjectGlobals: Created PersistentFrame Addr=0x0000021c4be15d00, Size=64, Default__ThirdPerson_AnimBP_C Function /Engine/Transient.REINST_ThirdPerson_AnimBP_C_0:ExecuteUbergraph_ThirdPerson_AnimBP
[2018.08.28-22.05.30:817][  0]LogUObjectGlobals: Created PersistentFrame Addr=0x0000021c4ccaa930, Size=72, Default__ThirdPerson_AnimBP_C Function /Game/Mannequin/Animations/ThirdPerson_AnimBP.ThirdPerson_AnimBP_C:ExecuteUbergraph_ThirdPerson_AnimBP
[2018.08.28-22.05.31:535][  0]LogUObjectGlobals: Created PersistentFrame Addr=0x0000021c4cc92e00, Size=328, Default__ThirdPersonCharacter_C Function /Game/ThirdPersonBP/Blueprints/ThirdPersonCharacter.ThirdPersonCharacter_C:ExecuteUbergraph_ThirdPersonCharacter
[2018.08.28-22.05.31:591][  0]LogUObjectGlobals: Destroyed PersistentFrame Addr=0x0000021c4cc92e00, Size=328
[2018.08.28-22.05.31:591][  0]LogUObjectGlobals: Created PersistentFrame Addr=0x0000021c56669600, Size=328, Default__ThirdPersonCharacter_C Function /Engine/Transient.REINST_ThirdPersonCharacter_C_4:ExecuteUbergraph_ThirdPersonCharacter
[2018.08.28-22.05.31:659][  0]LogUObjectGlobals: Created PersistentFrame Addr=0x0000021c4cc01c00, Size=328, Default__ThirdPersonCharacter_C Function /Game/ThirdPersonBP/Blueprints/ThirdPersonCharacter.ThirdPersonCharacter_C:ExecuteUbergraph_ThirdPersonCharacter
[2018.08.28-22.05.33:822][  0]LogSkeletalMesh: Skeletal Mesh found in DDC [95.771271ms] /Game/Mannequin/Character/Mesh/SK_Mannequin.SK_Mannequin
[2018.08.28-22.05.34:063][  0]LogAIModule: Creating AISystem for world ThirdPersonExampleMap
[2018.08.28-22.05.34:380][  0]LogEditorServer: Finished looking for orphan Actors (0.000 secs)
[2018.08.28-22.05.34:430][  0]LogUObjectGlobals: Destroyed PersistentFrame Addr=0x0000021c4be15d00, Size=64
[2018.08.28-22.05.34:431][  0]LogUObjectGlobals: Destroyed PersistentFrame Addr=0x0000021c56669600, Size=328
[2018.08.28-22.05.34:444][  0]Cmd: MAP CHECKDEP NOCLEARLOG
[2018.08.28-22.05.34:601][  0]MapCheck: Map check complete: 0 Error(s), 0 Warning(s), took 156.409ms to complete.
[2018.08.28-22.05.34:601][  0]LogFileHelpers: Loading map 'ThirdPersonExampleMap' took 6.076
[2018.08.28-22.05.35:710][  0]LogCollectionManager: Loaded 0 collections in 0.004949 seconds
[2018.08.28-22.05.35:870][  0]LogFileCache: Scanning file cache for directory 'D:/GameDev/UE4/FearTrial/Saved/Collections/' took 0.01s
[2018.08.28-22.05.35:870][  0]LogFileCache: Scanning file cache for directory 'D:/GameDev/UE4/FearTrial/Content/Developers/Diep/Collections/' took 0.01s
[2018.08.28-22.05.35:870][  0]LogFileCache: Scanning file cache for directory 'D:/GameDev/UE4/FearTrial/Content/Collections/' took 0.01s
[2018.08.28-22.05.35:870][  0]LogCollectionManager: Rebuilt the GUID cache for 0 collections in 0.000001 seconds
[2018.08.28-22.05.35:906][  0]LogContentBrowser: Native class hierarchy populated in 0.0334 seconds. Added 2452 classes and 558 folders.
[2018.08.28-22.05.36:028][  0]LogContentBrowser: Native class hierarchy updated for 'WidgetCarousel' in 0.0007 seconds. Added 0 classes and 0 folders.
[2018.08.28-22.05.37:533][  0]LogContentBrowser: Native class hierarchy updated for 'AddContentDialog' in 0.0007 seconds. Added 0 classes and 0 folders.
[2018.08.28-22.05.37:606][  0]LogContentBrowser: Native class hierarchy updated for 'SceneOutliner' in 0.0008 seconds. Added 1 classes and 2 folders.
[2018.08.28-22.05.38:754][  0]LogSlate: Took 0.000591 seconds to synchronously load lazily loaded font '../../../Engine/Content/Slate/Fonts/Roboto-Regular.ttf' (155K)
[2018.08.28-22.05.38:762][  0]LogSlate: Took 0.000696 seconds to synchronously load lazily loaded font '../../../Engine/Content/Slate/Fonts/Roboto-Bold.ttf' (160K)
[2018.08.28-22.05.38:852][  0]LogSlate: Took 0.024597 seconds to synchronously load lazily loaded font '../../../Engine/Content/Editor/Slate/Fonts/FontAwesome.ttf' (139K)
[2018.08.28-22.05.39:606][  0]LogRenderer: Reallocating scene render targets to support 1128x564 Format 10 NumSamples 1 (Frame:1).
[2018.08.28-22.05.40:224][  0]LogContentBrowser: Native class hierarchy updated for 'HierarchicalLODOutliner' in 0.0007 seconds. Added 0 classes and 0 folders.
[2018.08.28-22.05.40:224][  0]LogLoad: (Engine Initialization) Total time: 25.71 seconds
[2018.08.28-22.05.40:224][  0]LogLoad: (Engine Initialization) Total Blueprint compile time: 0.00 seconds
[2018.08.28-22.05.40:289][  0]LogWindowsTextInputMethodSystem: Display: IME system now deactivated.
[2018.08.28-22.05.40:359][  0]LogContentStreaming: Texture pool size now 1000 MB
[2018.08.28-22.05.40:740][  1]LogSlate: Took 0.024259 seconds to synchronously load lazily loaded font '../../../Engine/Content/Slate/Fonts/Roboto-Light.ttf' (167K)
[2018.08.28-22.05.40:869][  3]LogAssetRegistry: Asset discovery search completed in 19.4587 seconds
[2018.08.28-22.05.40:873][  3]LogCollectionManager: Rebuilt the object cache for 0 collections in 0.000001 seconds (found 0 objects)
[2018.08.28-22.05.40:873][  3]LogCollectionManager: Fixed up redirectors for 0 collections in 0.000110 seconds (updated 0 objects)
[2018.08.28-22.19.20:961][446]LogSlate: FSceneViewport::OnFocusLost() reason 0
[2018.08.28-22.19.21:066][447]LogTemp: Repeating last play command: Selected Viewport
[2018.08.28-22.19.21:113][447]LogBlueprintUserMessages: Early PlayInEditor Detection: Level '/Game/ThirdPersonBP/Maps/ThirdPersonExampleMap.ThirdPersonExampleMap:PersistentLevel' has LevelScriptBlueprint '/Game/ThirdPersonBP/Maps/ThirdPersonExampleMap.ThirdPersonExampleMap:PersistentLevel.ThirdPersonExampleMap' with GeneratedClass '/Game/ThirdPersonBP/Maps/ThirdPersonExampleMap.ThirdPersonExampleMap_C' with ClassGeneratedBy '/Game/ThirdPersonBP/Maps/ThirdPersonExampleMap.ThirdPersonExampleMap:PersistentLevel.ThirdPersonExampleMap'
[2018.08.28-22.19.21:126][447]LogPlayLevel: PlayLevel: No blueprints needed recompiling
[2018.08.28-22.19.21:222][447]PIE: New page: PIE session: ThirdPersonExampleMap (Aug 28, 2018, 2:19:21 PM)
[2018.08.28-22.19.21:222][447]LogPlayLevel: Creating play world package: /Game/ThirdPersonBP/Maps/UEDPIE_0_ThirdPersonExampleMap
[2018.08.28-22.19.21:315][447]LogPlayLevel: PIE: StaticDuplicateObject took: (0.093425s)
[2018.08.28-22.19.21:316][447]LogAIModule: Creating AISystem for world ThirdPersonExampleMap
[2018.08.28-22.19.21:316][447]LogPlayLevel: PIE: World Init took: (0.001027s)
[2018.08.28-22.19.21:316][447]LogPlayLevel: PIE: Created PIE world by copying editor world from /Game/ThirdPersonBP/Maps/ThirdPersonExampleMap.ThirdPersonExampleMap to /Game/ThirdPersonBP/Maps/UEDPIE_0_ThirdPersonExampleMap.ThirdPersonExampleMap (0.095111s)
[2018.08.28-22.19.21:345][447]LogInit: XAudio2 using 'Speakers/Headphones (Realtek Audio)' : 2 channels at 48 kHz using 32 bits per sample (channel mask 0x3)
[2018.08.28-22.19.21:352][447]LogInit: FAudioDevice initialized.
[2018.08.28-22.19.21:463][447]LogLoad: Game class is 'ThirdPersonGameMode_C'
[2018.08.28-22.19.21:516][447]LogWorld: Bringing World /Game/ThirdPersonBP/Maps/UEDPIE_0_ThirdPersonExampleMap.ThirdPersonExampleMap up for play (max tick rate 60) at 2018.08.28-18.19.21
[2018.08.28-22.19.21:543][447]LogWorld: Bringing up level for play took: 0.044043
[2018.08.28-22.19.21:653][447]LogContentBrowser: Native class hierarchy updated for 'MovieSceneCapture' in 0.0010 seconds. Added 11 classes and 0 folders.
[2018.08.28-22.19.21:665][447]PIE: Play in editor start time for /Game/ThirdPersonBP/Maps/UEDPIE_0_ThirdPersonExampleMap -0.391
[2018.08.28-22.19.21:666][447]LogBlueprintUserMessages: Late PlayInEditor Detection: Level '/Game/ThirdPersonBP/Maps/ThirdPersonExampleMap.ThirdPersonExampleMap:PersistentLevel' has LevelScriptBlueprint '/Game/ThirdPersonBP/Maps/ThirdPersonExampleMap.ThirdPersonExampleMap:PersistentLevel.ThirdPersonExampleMap' with GeneratedClass '/Game/ThirdPersonBP/Maps/ThirdPersonExampleMap.ThirdPersonExampleMap_C' with ClassGeneratedBy '/Game/ThirdPersonBP/Maps/ThirdPersonExampleMap.ThirdPersonExampleMap:PersistentLevel.ThirdPersonExampleMap'
[2018.08.28-22.19.41:683][605]LogBlueprintUserMessages: [ThirdPersonCharacter_167] 75
[2018.08.28-22.20.01:630][665]LogBlueprintUserMessages: [ThirdPersonCharacter_167] 50
[2018.08.28-22.20.21:630][725]LogBlueprintUserMessages: [ThirdPersonCharacter_167] 25
[2018.08.28-22.20.41:630][785]LogBlueprintUserMessages: [ThirdPersonCharacter_167] 0
[2018.08.28-22.20.41:964][786]LogBlueprintUserMessages: [ThirdPersonCharacter_167] u ded
[2018.08.28-22.24.16:963][431]LogSlate: FSceneViewport::OnFocusLost() reason 0
[2018.08.28-22.27.08:033][286]LogBlueprintUserMessages: Early EndPlayMap Detection: Level '/Game/ThirdPersonBP/Maps/ThirdPersonExampleMap.ThirdPersonExampleMap:PersistentLevel' has LevelScriptBlueprint '/Game/ThirdPersonBP/Maps/ThirdPersonExampleMap.ThirdPersonExampleMap:PersistentLevel.ThirdPersonExampleMap' with GeneratedClass '/Game/ThirdPersonBP/Maps/ThirdPersonExampleMap.ThirdPersonExampleMap_C' with ClassGeneratedBy '/Game/ThirdPersonBP/Maps/ThirdPersonExampleMap.ThirdPersonExampleMap:PersistentLevel.ThirdPersonExampleMap'
[2018.08.28-22.27.08:128][286]LogBlueprintUserMessages: Late EndPlayMap Detection: Level '/Game/ThirdPersonBP/Maps/ThirdPersonExampleMap.ThirdPersonExampleMap:PersistentLevel' has LevelScriptBlueprint '/Game/ThirdPersonBP/Maps/ThirdPersonExampleMap.ThirdPersonExampleMap:PersistentLevel.ThirdPersonExampleMap' with GeneratedClass '/Game/ThirdPersonBP/Maps/ThirdPersonExampleMap.ThirdPersonExampleMap_C' with ClassGeneratedBy '/Game/ThirdPersonBP/Maps/ThirdPersonExampleMap.ThirdPersonExampleMap:PersistentLevel.ThirdPersonExampleMap'
[2018.08.28-22.27.08:882][311]LogSlate: FSceneViewport::OnFocusLost() reason 0
[2018.08.28-22.27.09:018][312]LogSlate: Took 0.000332 seconds to synchronously load lazily loaded font '../../../Engine/Content/Slate/Fonts/Roboto-Light.ttf' (167K)
[2018.08.28-22.27.09:800][312]LogContentBrowser: Native class hierarchy updated for 'BlueprintGraph' in 0.0007 seconds. Added 116 classes and 0 folders.
[2018.08.28-22.27.10:270][312]LogUObjectGlobals: Created PersistentFrame Addr=0x0000021c09655048, Size=4, Default__SKEL_PROTO_BP_AnimBlueprint_0_C Function /Engine/Transient.SKEL_PROTO_BP_AnimBlueprint_0_C:ExecuteUbergraph_PROTO_BP_AnimBlueprint_0
[2018.08.28-22.27.10:271][312]LogUObjectGlobals: Created PersistentFrame Addr=0x0000021c09655040, Size=4, Default__PROTO_BP_AnimBlueprint_0_C Function /Engine/Transient.PROTO_BP_AnimBlueprint_0_C:ExecuteUbergraph_PROTO_BP_AnimBlueprint_0
[2018.08.28-22.27.11:483][312]LogSlate: Took 0.023486 seconds to synchronously load lazily loaded font '../../../Engine/Content/Slate/Fonts/Roboto-BoldCondensed.ttf' (158K)
[2018.08.28-22.27.12:062][313]LogSlate: Took 0.015834 seconds to synchronously load lazily loaded font '../../../Engine/Content/Slate/Fonts/Roboto-Italic.ttf' (157K)
[2018.08.28-22.27.26:020][648]LogUObjectGlobals: Created PersistentFrame Addr=0x0000021c8584a5f0, Size=4, Default__SKEL_ThirdPersonCharacter_C Function /Game/ThirdPersonBP/Blueprints/ThirdPersonCharacter.SKEL_ThirdPersonCharacter_C:ExecuteUbergraph_ThirdPersonCharacter
[2018.08.28-22.28.09:750][980]LogSavePackage: Save=935.79ms
[2018.08.28-22.28.09:750][980]LogSavePackage: Moving '../../../../GameDev/UE4/FearTrial/Saved/ThirdPersonExampleMap_Auto1CE74981242EF632170CD1FA5A525DF01.tmp' to '../../../../GameDev/UE4/FearTrial/Saved/Autosaves/Game/ThirdPersonBP/Maps/ThirdPersonExampleMap_Auto1.umap'
[2018.08.28-22.28.09:789][980]LogSavePackage: Display: Finished SavePackage ../../../../GameDev/UE4/FearTrial/Saved/Autosaves/Game/ThirdPersonBP/Maps/ThirdPersonExampleMap_Auto1.umap
[2018.08.28-22.28.09:832][980]LogFileHelpers: Editor autosave (incl. sublevels) for '/Game/ThirdPersonBP/Maps/ThirdPersonExampleMap' took 1.316
[2018.08.28-22.28.09:844][980]LogFileHelpers: Editor autosave (incl. sublevels) for all levels took 1.316
[2018.08.28-22.28.09:859][980]OBJ SavePackage: Generating thumbnails for [1] asset(s) in package [/Game/ThirdPersonBP/Blueprints/ThirdPersonCharacter] ([1] browsable assets)...
[2018.08.28-22.28.09:933][980]OBJ SavePackage:     Rendered thumbnail for [Blueprint /Game/ThirdPersonBP/Blueprints/ThirdPersonCharacter.ThirdPersonCharacter]
[2018.08.28-22.28.09:934][980]OBJ SavePackage: Finished generating thumbnails for package [/Game/ThirdPersonBP/Blueprints/ThirdPersonCharacter]
[2018.08.28-22.28.10:299][980]LogSavePackage: Save=336.19ms
[2018.08.28-22.28.10:299][980]LogSavePackage: Moving '../../../../GameDev/UE4/FearTrial/Saved/ThirdPersonCharacter_Auto14252A9DC4ECE1AE4DBF120AA8A402B6E.tmp' to '../../../../GameDev/UE4/FearTrial/Saved/Autosaves/Game/ThirdPersonBP/Blueprints/ThirdPersonCharacter_Auto1.uasset'
[2018.08.28-22.28.10:302][980]LogSavePackage: Display: Finished SavePackage ../../../../GameDev/UE4/FearTrial/Saved/Autosaves/Game/ThirdPersonBP/Blueprints/ThirdPersonCharacter_Auto1.uasset
[2018.08.28-22.28.10:302][980]LogFileHelpers: Auto-saving content packages took 0.445
[2018.08.28-22.36.03:764][308]LogTemp: Repeating last play command: Selected Viewport
[2018.08.28-22.36.03:789][308]LogBlueprintUserMessages: Early PlayInEditor Detection: Level '/Game/ThirdPersonBP/Maps/ThirdPersonExampleMap.ThirdPersonExampleMap:PersistentLevel' has LevelScriptBlueprint '/Game/ThirdPersonBP/Maps/ThirdPersonExampleMap.ThirdPersonExampleMap:PersistentLevel.ThirdPersonExampleMap' with GeneratedClass '/Game/ThirdPersonBP/Maps/ThirdPersonExampleMap.ThirdPersonExampleMap_C' with ClassGeneratedBy '/Game/ThirdPersonBP/Maps/ThirdPersonExampleMap.ThirdPersonExampleMap:PersistentLevel.ThirdPersonExampleMap'
[2018.08.28-22.36.03:790][308]BlueprintLog: New page: Pre-Play auto-recompile
[2018.08.28-22.36.03:819][308]LogUObjectGlobals: Destroyed PersistentFrame Addr=0x0000021c8584a5f0, Size=4
[2018.08.28-22.36.03:819][308]LogUObjectGlobals: Created PersistentFrame Addr=0x0000021c848ee6c0, Size=4, Default__SKEL_ThirdPersonCharacter_C Function /Engine/Transient.REINST_SKEL_ThirdPersonCharacter_C_28:ExecuteUbergraph_ThirdPersonCharacter
[2018.08.28-22.36.03:821][308]LogPlayLevel: [PlayLevel] Compiling ThirdPersonCharacter before play...
[2018.08.28-22.36.03:852][308]LogUObjectGlobals: Destroyed PersistentFrame Addr=0x0000021c4cc01c00, Size=328
[2018.08.28-22.36.03:852][308]LogUObjectGlobals: Created PersistentFrame Addr=0x0000021c7c2e6080, Size=328, Default__ThirdPersonCharacter_C Function /Engine/Transient.REINST_ThirdPersonCharacter_C_30:ExecuteUbergraph_ThirdPersonCharacter
[2018.08.28-22.36.03:862][308]LogUObjectGlobals: Created PersistentFrame Addr=0x0000021c85e7b880, Size=328, Default__ThirdPersonCharacter_C Function /Game/ThirdPersonBP/Blueprints/ThirdPersonCharacter.ThirdPersonCharacter_C:ExecuteUbergraph_ThirdPersonCharacter
[2018.08.28-22.36.04:354][308]LogUObjectGlobals: Destroyed PersistentFrame Addr=0x0000021c848ee6c0, Size=4
[2018.08.28-22.36.04:355][308]LogPlayLevel: PlayLevel: Blueprint regeneration took 565 ms (1 blueprints)
[2018.08.28-22.36.04:355][308]PIE: New page: PIE session: ThirdPersonExampleMap (Aug 28, 2018, 2:36:04 PM)
[2018.08.28-22.36.04:355][308]LogPlayLevel: Creating play world package: /Game/ThirdPersonBP/Maps/UEDPIE_0_ThirdPersonExampleMap
[2018.08.28-22.36.04:372][308]LogPlayLevel: PIE: StaticDuplicateObject took: (0.016693s)
[2018.08.28-22.36.04:373][308]LogAIModule: Creating AISystem for world ThirdPersonExampleMap
[2018.08.28-22.36.04:373][308]LogPlayLevel: PIE: World Init took: (0.001151s)
[2018.08.28-22.36.04:373][308]LogPlayLevel: PIE: Created PIE world by copying editor world from /Game/ThirdPersonBP/Maps/ThirdPersonExampleMap.ThirdPersonExampleMap to /Game/ThirdPersonBP/Maps/UEDPIE_0_ThirdPersonExampleMap.ThirdPersonExampleMap (0.018093s)
[2018.08.28-22.36.04:419][308]LogInit: XAudio2 using 'Speakers/Headphones (Realtek Audio)' : 2 channels at 48 kHz using 32 bits per sample (channel mask 0x3)
[2018.08.28-22.36.04:425][308]LogInit: FAudioDevice initialized.
[2018.08.28-22.36.04:463][308]LogLoad: Game class is 'ThirdPersonGameMode_C'
[2018.08.28-22.36.04:466][308]LogWorld: Bringing World /Game/ThirdPersonBP/Maps/UEDPIE_0_ThirdPersonExampleMap.ThirdPersonExampleMap up for play (max tick rate 60) at 2018.08.28-18.36.04
[2018.08.28-22.36.04:466][308]LogWorld: Bringing up level for play took: 0.002110
[2018.08.28-22.36.04:467][308]PIE: Play in editor start time for /Game/ThirdPersonBP/Maps/UEDPIE_0_ThirdPersonExampleMap 0.41
[2018.08.28-22.36.04:467][308]LogBlueprintUserMessages: Late PlayInEditor Detection: Level '/Game/ThirdPersonBP/Maps/ThirdPersonExampleMap.ThirdPersonExampleMap:PersistentLevel' has LevelScriptBlueprint '/Game/ThirdPersonBP/Maps/ThirdPersonExampleMap.ThirdPersonExampleMap:PersistentLevel.ThirdPersonExampleMap' with GeneratedClass '/Game/ThirdPersonBP/Maps/ThirdPersonExampleMap.ThirdPersonExampleMap_C' with ClassGeneratedBy '/Game/ThirdPersonBP/Maps/ThirdPersonExampleMap.ThirdPersonExampleMap:PersistentLevel.ThirdPersonExampleMap'
[2018.08.28-22.36.24:251][903]LogBlueprintUserMessages: [ThirdPersonCharacter_167] 75
[2018.08.28-22.36.32:567][143]LogSlate: FSceneViewport::OnFocusLost() reason 2
[2018.08.28-22.36.44:318][181]LogBlueprintUserMessages: [ThirdPersonCharacter_167] 50
[2018.08.28-22.36.56:033][327]LogBlueprintUserMessages: Early EndPlayMap Detection: Level '/Game/ThirdPersonBP/Maps/ThirdPersonExampleMap.ThirdPersonExampleMap:PersistentLevel' has LevelScriptBlueprint '/Game/ThirdPersonBP/Maps/ThirdPersonExampleMap.ThirdPersonExampleMap:PersistentLevel.ThirdPersonExampleMap' with GeneratedClass '/Game/ThirdPersonBP/Maps/ThirdPersonExampleMap.ThirdPersonExampleMap_C' with ClassGeneratedBy '/Game/ThirdPersonBP/Maps/ThirdPersonExampleMap.ThirdPersonExampleMap:PersistentLevel.ThirdPersonExampleMap'
[2018.08.28-22.36.56:100][327]LogBlueprintUserMessages: Late EndPlayMap Detection: Level '/Game/ThirdPersonBP/Maps/ThirdPersonExampleMap.ThirdPersonExampleMap:PersistentLevel' has LevelScriptBlueprint '/Game/ThirdPersonBP/Maps/ThirdPersonExampleMap.ThirdPersonExampleMap:PersistentLevel.ThirdPersonExampleMap' with GeneratedClass '/Game/ThirdPersonBP/Maps/ThirdPersonExampleMap.ThirdPersonExampleMap_C' with ClassGeneratedBy '/Game/ThirdPersonBP/Maps/ThirdPersonExampleMap.ThirdPersonExampleMap:PersistentLevel.ThirdPersonExampleMap'
[2018.08.28-22.36.56:923][349]LogSlate: FSceneViewport::OnFocusLost() reason 0
[2018.08.28-22.39.03:325][729]LogSavePackage: Save=198.25ms
[2018.08.28-22.39.03:325][729]LogSavePackage: Moving '../../../../GameDev/UE4/FearTrial/Saved/ThirdPersonExampleMap_Auto2FB6EEF464AFE561802BB95A2D88AEC31.tmp' to '../../../../GameDev/UE4/FearTrial/Saved/Autosaves/Game/ThirdPersonBP/Maps/ThirdPersonExampleMap_Auto2.umap'
[2018.08.28-22.39.03:327][729]LogSavePackage: Display: Finished SavePackage ../../../../GameDev/UE4/FearTrial/Saved/Autosaves/Game/ThirdPersonBP/Maps/ThirdPersonExampleMap_Auto2.umap
[2018.08.28-22.39.03:329][729]LogFileHelpers: Editor autosave (incl. sublevels) for '/Game/ThirdPersonBP/Maps/ThirdPersonExampleMap' took 0.249
[2018.08.28-22.39.03:329][729]LogFileHelpers: Editor autosave (incl. sublevels) for all levels took 0.249
[2018.08.28-22.39.03:331][729]OBJ SavePackage: Generating thumbnails for [1] asset(s) in package [/Game/ThirdPersonBP/Blueprints/ThirdPersonCharacter] ([1] browsable assets)...
[2018.08.28-22.39.03:495][729]OBJ SavePackage:     Rendered thumbnail for [Blueprint /Game/ThirdPersonBP/Blueprints/ThirdPersonCharacter.ThirdPersonCharacter]
[2018.08.28-22.39.03:496][729]OBJ SavePackage: Finished generating thumbnails for package [/Game/ThirdPersonBP/Blueprints/ThirdPersonCharacter]
[2018.08.28-22.39.03:800][729]LogSavePackage: Save=264.51ms
[2018.08.28-22.39.03:800][729]LogSavePackage: Moving '../../../../GameDev/UE4/FearTrial/Saved/ThirdPersonCharacter_Auto2BADCCDF84E345C76A346BBABA42A39B9.tmp' to '../../../../GameDev/UE4/FearTrial/Saved/Autosaves/Game/ThirdPersonBP/Blueprints/ThirdPersonCharacter_Auto2.uasset'
[2018.08.28-22.39.03:810][729]LogSavePackage: Display: Finished SavePackage ../../../../GameDev/UE4/FearTrial/Saved/Autosaves/Game/ThirdPersonBP/Blueprints/ThirdPersonCharacter_Auto2.uasset
[2018.08.28-22.39.03:810][729]LogFileHelpers: Auto-saving content packages took 0.479
